[2025-07-11 18:39:58] INFO: Testing theme switching - current theme: dark
[2025-07-11 18:39:58] INFO: Applying dark theme...
[0;34m[INFO][0m Switching to dark theme...
[0;34m[INFO][0m Generating all themes for dark mode...
[0;34m[INFO][0m Generating fish theme for dark mode...
Generated: /Users/daphen/.config/themes/generated/fish/dark.theme
[0;32m[SUCCESS][0m Generated fish theme: /Users/daphen/.config/themes/generated/fish/dark.theme
[0;34m[INFO][0m Generating fzf theme for dark mode...
Generated: /Users/daphen/.config/themes/generated/fzf/dark.theme
[0;32m[SUCCESS][0m Generated fzf theme: /Users/daphen/.config/themes/generated/fzf/dark.theme
[0;34m[INFO][0m Generating ghostty theme for dark mode...
Generated: /Users/daphen/.config/themes/generated/ghostty/dark.theme
[0;32m[SUCCESS][0m Generated ghostty theme: /Users/daphen/.config/themes/generated/ghostty/dark.theme
[0;34m[INFO][0m Generating nvim theme for dark mode...
Generated: /Users/daphen/.config/themes/generated/nvim/dark.theme
[0;32m[SUCCESS][0m Generated nvim theme: /Users/daphen/.config/themes/generated/nvim/dark.theme
[0;32m[SUCCESS][0m All themes generated for dark mode
[0;34m[INFO][0m Applying all themes for dark mode...
/Users/daphen/.config/themes/generated/fish/dark.theme: line 4: set: -g: invalid option
set: usage: set [--abefhkmnptuvxBCHP] [-o option] [arg ...]
[2025-07-11 18:39:58] ERROR: Failed to switch theme to dark
[2025-07-11 18:46:50] INFO: Testing theme switching - current theme: dark
[2025-07-11 18:46:50] INFO: Applying dark theme...
[0;34m[INFO][0m Switching to dark theme...
[0;34m[INFO][0m Generating all themes for dark mode...
[0;34m[INFO][0m Generating fish theme for dark mode...
Generated: /Users/daphen/.config/themes/generated/fish/dark.theme
[0;32m[SUCCESS][0m Generated fish theme: /Users/daphen/.config/themes/generated/fish/dark.theme
[0;34m[INFO][0m Generating fzf theme for dark mode...
Generated: /Users/daphen/.config/themes/generated/fzf/dark.theme
[0;32m[SUCCESS][0m Generated fzf theme: /Users/daphen/.config/themes/generated/fzf/dark.theme
[0;34m[INFO][0m Generating ghostty theme for dark mode...
Generated: /Users/daphen/.config/themes/generated/ghostty/dark.theme
[0;32m[SUCCESS][0m Generated ghostty theme: /Users/daphen/.config/themes/generated/ghostty/dark.theme
[0;34m[INFO][0m Generating nvim theme for dark mode...
Generated: /Users/daphen/.config/themes/generated/nvim/dark.theme
[0;32m[SUCCESS][0m Generated nvim theme: /Users/daphen/.config/themes/generated/nvim/dark.theme
[0;32m[SUCCESS][0m All themes generated for dark mode
[0;34m[INFO][0m Applying all themes for dark mode...
[0;32m[SUCCESS][0m Fish theme generated (will be applied by Fish shells)
[0;32m[SUCCESS][0m FZF theme generated (will be applied by Fish shells)
[0;32m[SUCCESS][0m Applied Ghostty theme
[0;32m[SUCCESS][0m Applied Neovim theme
[0;32m[SUCCESS][0m All themes applied for dark mode
[0;32m[SUCCESS][0m Theme switched to dark mode
[2025-07-11 18:46:51] SUCCESS: Theme switched to dark
[2025-07-11 18:50:17] INFO: Starting theme monitoring - initial theme: dark
[2025-07-11 18:50:17] INFO: Starting theme monitoring - initial theme: dark
[2025-07-11 18:50:17] INFO: Applying dark theme...
[2025-07-11 18:50:17] INFO: Applying dark theme...
[0;34m[INFO][0m Switching to dark theme...
[0;34m[INFO][0m Generating all themes for dark mode...
[0;34m[INFO][0m Generating fish theme for dark mode...
Generated: /Users/daphen/.config/themes/generated/fish/dark.theme
[0;32m[SUCCESS][0m Generated fish theme: /Users/daphen/.config/themes/generated/fish/dark.theme
[0;34m[INFO][0m Generating fzf theme for dark mode...
Generated: /Users/daphen/.config/themes/generated/fzf/dark.theme
[0;32m[SUCCESS][0m Generated fzf theme: /Users/daphen/.config/themes/generated/fzf/dark.theme
[0;34m[INFO][0m Generating ghostty theme for dark mode...
Generated: /Users/daphen/.config/themes/generated/ghostty/dark.theme
[0;32m[SUCCESS][0m Generated ghostty theme: /Users/daphen/.config/themes/generated/ghostty/dark.theme
[0;34m[INFO][0m Generating nvim theme for dark mode...
Generated: /Users/daphen/.config/themes/generated/nvim/dark.theme
[0;32m[SUCCESS][0m Generated nvim theme: /Users/daphen/.config/themes/generated/nvim/dark.theme
[0;32m[SUCCESS][0m All themes generated for dark mode
[0;34m[INFO][0m Applying all themes for dark mode...
[0;32m[SUCCESS][0m Fish theme generated (will be applied by Fish shells)
[0;32m[SUCCESS][0m FZF theme generated (will be applied by Fish shells)
[0;32m[SUCCESS][0m Applied Ghostty theme
[0;32m[SUCCESS][0m Applied Neovim theme
[0;32m[SUCCESS][0m All themes applied for dark mode
[0;32m[SUCCESS][0m Theme switched to dark mode
[2025-07-11 18:50:18] SUCCESS: Theme switched to dark
[2025-07-11 18:50:18] SUCCESS: Theme switched to dark
[2025-07-11 18:50:18] INFO: fswatch not available, using periodic checking (install with: brew install fswatch)
[2025-07-11 18:50:18] INFO: fswatch not available, using periodic checking (install with: brew install fswatch)
[2025-07-11 19:05:08] INFO: System appearance changed from dark to light
[2025-07-11 19:05:08] INFO: System appearance changed from dark to light
[2025-07-11 19:05:08] INFO: Applying light theme...
[2025-07-11 19:05:08] INFO: Applying light theme...
[0;34m[INFO][0m Switching to light theme...
[0;34m[INFO][0m Generating all themes for light mode...
[0;34m[INFO][0m Generating fish theme for light mode...
Generated: /Users/daphen/.config/themes/generated/fish/light.theme
[0;32m[SUCCESS][0m Generated fish theme: /Users/daphen/.config/themes/generated/fish/light.theme
[0;34m[INFO][0m Generating fzf theme for light mode...
Generated: /Users/daphen/.config/themes/generated/fzf/light.theme
[0;32m[SUCCESS][0m Generated fzf theme: /Users/daphen/.config/themes/generated/fzf/light.theme
[0;34m[INFO][0m Generating ghostty theme for light mode...
Generated: /Users/daphen/.config/themes/generated/ghostty/light.theme
[0;32m[SUCCESS][0m Generated ghostty theme: /Users/daphen/.config/themes/generated/ghostty/light.theme
[0;34m[INFO][0m Generating nvim theme for light mode...
Generated: /Users/daphen/.config/themes/generated/nvim/light.theme
[0;32m[SUCCESS][0m Generated nvim theme: /Users/daphen/.config/themes/generated/nvim/light.theme
[0;32m[SUCCESS][0m All themes generated for light mode
[0;34m[INFO][0m Applying all themes for light mode...
[0;32m[SUCCESS][0m Fish theme generated (will be applied by Fish shells)
[0;32m[SUCCESS][0m FZF theme generated (will be applied by Fish shells)
[0;32m[SUCCESS][0m Applied Ghostty theme
[0;32m[SUCCESS][0m Applied Neovim theme
[0;32m[SUCCESS][0m All themes applied for light mode
[0;32m[SUCCESS][0m Theme switched to light mode
[2025-07-11 19:05:09] SUCCESS: Theme switched to light
[2025-07-11 19:05:09] SUCCESS: Theme switched to light
[2025-07-11 19:09:08] INFO: System appearance changed from light to dark
[2025-07-11 19:09:08] INFO: System appearance changed from light to dark
[2025-07-11 19:09:08] INFO: Applying dark theme...
[2025-07-11 19:09:08] INFO: Applying dark theme...
[0;34m[INFO][0m Switching to dark theme...
[0;34m[INFO][0m Generating all themes for dark mode...
[0;34m[INFO][0m Generating fish theme for dark mode...
Generated: /Users/daphen/.config/themes/generated/fish/dark.theme
[0;32m[SUCCESS][0m Generated fish theme: /Users/daphen/.config/themes/generated/fish/dark.theme
[0;34m[INFO][0m Generating fzf theme for dark mode...
Generated: /Users/daphen/.config/themes/generated/fzf/dark.theme
[0;32m[SUCCESS][0m Generated fzf theme: /Users/daphen/.config/themes/generated/fzf/dark.theme
[0;34m[INFO][0m Generating ghostty theme for dark mode...
Generated: /Users/daphen/.config/themes/generated/ghostty/dark.theme
[0;32m[SUCCESS][0m Generated ghostty theme: /Users/daphen/.config/themes/generated/ghostty/dark.theme
[0;34m[INFO][0m Generating nvim theme for dark mode...
Generated: /Users/daphen/.config/themes/generated/nvim/dark.theme
[0;32m[SUCCESS][0m Generated nvim theme: /Users/daphen/.config/themes/generated/nvim/dark.theme
[0;32m[SUCCESS][0m All themes generated for dark mode
[0;34m[INFO][0m Applying all themes for dark mode...
[0;32m[SUCCESS][0m Fish theme generated (will be applied by Fish shells)
[0;32m[SUCCESS][0m FZF theme generated (will be applied by Fish shells)
[0;32m[SUCCESS][0m Applied Ghostty theme
[0;32m[SUCCESS][0m Applied Neovim theme
[0;32m[SUCCESS][0m All themes applied for dark mode
[0;32m[SUCCESS][0m Theme switched to dark mode
[2025-07-11 19:09:10] SUCCESS: Theme switched to dark
[2025-07-11 19:09:10] SUCCESS: Theme switched to dark
[2025-07-11 19:09:27] INFO: System appearance changed from dark to light
[2025-07-11 19:09:27] INFO: System appearance changed from dark to light
[2025-07-11 19:09:27] INFO: Applying light theme...
[2025-07-11 19:09:27] INFO: Applying light theme...
[0;34m[INFO][0m Switching to light theme...
[0;34m[INFO][0m Generating all themes for light mode...
[0;34m[INFO][0m Generating fish theme for light mode...
Generated: /Users/daphen/.config/themes/generated/fish/light.theme
[0;32m[SUCCESS][0m Generated fish theme: /Users/daphen/.config/themes/generated/fish/light.theme
[0;34m[INFO][0m Generating fzf theme for light mode...
Generated: /Users/daphen/.config/themes/generated/fzf/light.theme
[0;32m[SUCCESS][0m Generated fzf theme: /Users/daphen/.config/themes/generated/fzf/light.theme
[0;34m[INFO][0m Generating ghostty theme for light mode...
Generated: /Users/daphen/.config/themes/generated/ghostty/light.theme
[0;32m[SUCCESS][0m Generated ghostty theme: /Users/daphen/.config/themes/generated/ghostty/light.theme
[0;34m[INFO][0m Generating nvim theme for light mode...
Generated: /Users/daphen/.config/themes/generated/nvim/light.theme
[0;32m[SUCCESS][0m Generated nvim theme: /Users/daphen/.config/themes/generated/nvim/light.theme
[0;32m[SUCCESS][0m All themes generated for light mode
[0;34m[INFO][0m Applying all themes for light mode...
[0;32m[SUCCESS][0m Fish theme generated (will be applied by Fish shells)
[0;32m[SUCCESS][0m FZF theme generated (will be applied by Fish shells)
[0;32m[SUCCESS][0m Applied Ghostty theme
[0;32m[SUCCESS][0m Applied Neovim theme
[0;32m[SUCCESS][0m All themes applied for light mode
[0;32m[SUCCESS][0m Theme switched to light mode
[2025-07-11 19:09:28] SUCCESS: Theme switched to light
[2025-07-11 19:09:28] SUCCESS: Theme switched to light
[2025-07-11 19:10:22] INFO: System appearance changed from light to dark
[2025-07-11 19:10:22] INFO: System appearance changed from light to dark
[2025-07-11 19:10:22] INFO: Applying dark theme...
[2025-07-11 19:10:22] INFO: Applying dark theme...
[0;34m[INFO][0m Switching to dark theme...
[0;34m[INFO][0m Generating all themes for dark mode...
[0;34m[INFO][0m Generating fish theme for dark mode...
Generated: /Users/daphen/.config/themes/generated/fish/dark.theme
[0;32m[SUCCESS][0m Generated fish theme: /Users/daphen/.config/themes/generated/fish/dark.theme
[0;34m[INFO][0m Generating fzf theme for dark mode...
Generated: /Users/daphen/.config/themes/generated/fzf/dark.theme
[0;32m[SUCCESS][0m Generated fzf theme: /Users/daphen/.config/themes/generated/fzf/dark.theme
[0;34m[INFO][0m Generating ghostty theme for dark mode...
Generated: /Users/daphen/.config/themes/generated/ghostty/dark.theme
[0;32m[SUCCESS][0m Generated ghostty theme: /Users/daphen/.config/themes/generated/ghostty/dark.theme
[0;34m[INFO][0m Generating nvim theme for dark mode...
Generated: /Users/daphen/.config/themes/generated/nvim/dark.theme
[0;32m[SUCCESS][0m Generated nvim theme: /Users/daphen/.config/themes/generated/nvim/dark.theme
[0;32m[SUCCESS][0m All themes generated for dark mode
[0;34m[INFO][0m Applying all themes for dark mode...
[0;32m[SUCCESS][0m Fish theme generated (will be applied by Fish shells)
[0;32m[SUCCESS][0m FZF theme generated (will be applied by Fish shells)
[0;32m[SUCCESS][0m Applied Ghostty theme
[0;32m[SUCCESS][0m Applied Neovim theme
[0;32m[SUCCESS][0m All themes applied for dark mode
[0;32m[SUCCESS][0m Theme switched to dark mode
[2025-07-11 19:10:24] SUCCESS: Theme switched to dark
[2025-07-11 19:10:24] SUCCESS: Theme switched to dark
[2025-07-11 19:13:03] INFO: System appearance changed from dark to light
[2025-07-11 19:13:03] INFO: System appearance changed from dark to light
[2025-07-11 19:13:03] INFO: Applying light theme...
[2025-07-11 19:13:03] INFO: Applying light theme...
[0;34m[INFO][0m Switching to light theme...
[0;34m[INFO][0m Generating all themes for light mode...
[0;34m[INFO][0m Generating fish theme for light mode...
Generated: /Users/daphen/.config/themes/generated/fish/light.theme
[0;32m[SUCCESS][0m Generated fish theme: /Users/daphen/.config/themes/generated/fish/light.theme
[0;34m[INFO][0m Generating fzf theme for light mode...
Generated: /Users/daphen/.config/themes/generated/fzf/light.theme
[0;32m[SUCCESS][0m Generated fzf theme: /Users/daphen/.config/themes/generated/fzf/light.theme
[0;34m[INFO][0m Generating ghostty theme for light mode...
Generated: /Users/daphen/.config/themes/generated/ghostty/light.theme
[0;32m[SUCCESS][0m Generated ghostty theme: /Users/daphen/.config/themes/generated/ghostty/light.theme
[0;34m[INFO][0m Generating nvim theme for light mode...
Generated: /Users/daphen/.config/themes/generated/nvim/light.theme
[0;32m[SUCCESS][0m Generated nvim theme: /Users/daphen/.config/themes/generated/nvim/light.theme
[0;32m[SUCCESS][0m All themes generated for light mode
[0;34m[INFO][0m Applying all themes for light mode...
[0;32m[SUCCESS][0m Fish theme generated (will be applied by Fish shells)
[0;32m[SUCCESS][0m FZF theme generated (will be applied by Fish shells)
[0;32m[SUCCESS][0m Applied Ghostty theme
[0;32m[SUCCESS][0m Applied Neovim theme
[0;32m[SUCCESS][0m All themes applied for light mode
[0;32m[SUCCESS][0m Theme switched to light mode
[2025-07-11 19:13:04] SUCCESS: Theme switched to light
[2025-07-11 19:13:04] SUCCESS: Theme switched to light
[2025-07-11 19:13:48] INFO: System appearance changed from light to dark
[2025-07-11 19:13:48] INFO: System appearance changed from light to dark
[2025-07-11 19:13:48] INFO: Applying dark theme...
[2025-07-11 19:13:48] INFO: Applying dark theme...
[0;34m[INFO][0m Switching to dark theme...
[0;34m[INFO][0m Generating all themes for dark mode...
[0;34m[INFO][0m Generating fish theme for dark mode...
Generated: /Users/daphen/.config/themes/generated/fish/dark.theme
[0;32m[SUCCESS][0m Generated fish theme: /Users/daphen/.config/themes/generated/fish/dark.theme
[0;34m[INFO][0m Generating fzf theme for dark mode...
Generated: /Users/daphen/.config/themes/generated/fzf/dark.theme
[0;32m[SUCCESS][0m Generated fzf theme: /Users/daphen/.config/themes/generated/fzf/dark.theme
[0;34m[INFO][0m Generating ghostty theme for dark mode...
Generated: /Users/daphen/.config/themes/generated/ghostty/dark.theme
[0;32m[SUCCESS][0m Generated ghostty theme: /Users/daphen/.config/themes/generated/ghostty/dark.theme
[0;34m[INFO][0m Generating nvim theme for dark mode...
Generated: /Users/daphen/.config/themes/generated/nvim/dark.theme
[0;32m[SUCCESS][0m Generated nvim theme: /Users/daphen/.config/themes/generated/nvim/dark.theme
[0;32m[SUCCESS][0m All themes generated for dark mode
[0;34m[INFO][0m Applying all themes for dark mode...
[0;32m[SUCCESS][0m Fish theme generated (will be applied by Fish shells)
[0;32m[SUCCESS][0m FZF theme generated (will be applied by Fish shells)
[0;32m[SUCCESS][0m Applied Ghostty theme
[0;32m[SUCCESS][0m Applied Neovim theme
[0;32m[SUCCESS][0m All themes applied for dark mode
[0;32m[SUCCESS][0m Theme switched to dark mode
[2025-07-11 19:13:49] SUCCESS: Theme switched to dark
[2025-07-11 19:13:49] SUCCESS: Theme switched to dark
[2025-07-11 19:16:02] INFO: System appearance changed from dark to light
[2025-07-11 19:16:02] INFO: System appearance changed from dark to light
[2025-07-11 19:16:02] INFO: Applying light theme...
[2025-07-11 19:16:02] INFO: Applying light theme...
[0;34m[INFO][0m Switching to light theme...
[0;34m[INFO][0m Generating all themes for light mode...
[0;34m[INFO][0m Generating fish theme for light mode...
Generated: /Users/daphen/.config/themes/generated/fish/light.theme
[0;32m[SUCCESS][0m Generated fish theme: /Users/daphen/.config/themes/generated/fish/light.theme
[0;34m[INFO][0m Generating fzf theme for light mode...
Generated: /Users/daphen/.config/themes/generated/fzf/light.theme
[0;32m[SUCCESS][0m Generated fzf theme: /Users/daphen/.config/themes/generated/fzf/light.theme
[0;34m[INFO][0m Generating ghostty theme for light mode...
Generated: /Users/daphen/.config/themes/generated/ghostty/light.theme
[0;32m[SUCCESS][0m Generated ghostty theme: /Users/daphen/.config/themes/generated/ghostty/light.theme
[0;34m[INFO][0m Generating nvim theme for light mode...
Generated: /Users/daphen/.config/themes/generated/nvim/light.theme
[0;32m[SUCCESS][0m Generated nvim theme: /Users/daphen/.config/themes/generated/nvim/light.theme
[0;32m[SUCCESS][0m All themes generated for light mode
[0;34m[INFO][0m Applying all themes for light mode...
[0;32m[SUCCESS][0m Fish theme generated (will be applied by Fish shells)
[0;32m[SUCCESS][0m FZF theme generated (will be applied by Fish shells)
[0;32m[SUCCESS][0m Applied Ghostty theme
[0;32m[SUCCESS][0m Applied Neovim theme
[0;32m[SUCCESS][0m All themes applied for light mode
[0;32m[SUCCESS][0m Theme switched to light mode
[2025-07-11 19:16:03] SUCCESS: Theme switched to light
[2025-07-11 19:16:03] SUCCESS: Theme switched to light
[2025-07-11 19:17:14] INFO: System appearance changed from light to dark
[2025-07-11 19:17:14] INFO: System appearance changed from light to dark
[2025-07-11 19:17:14] INFO: Applying dark theme...
[2025-07-11 19:17:14] INFO: Applying dark theme...
[0;34m[INFO][0m Switching to dark theme...
[0;34m[INFO][0m Generating all themes for dark mode...
[0;34m[INFO][0m Generating fish theme for dark mode...
Generated: /Users/daphen/.config/themes/generated/fish/dark.theme
[0;32m[SUCCESS][0m Generated fish theme: /Users/daphen/.config/themes/generated/fish/dark.theme
[0;34m[INFO][0m Generating fzf theme for dark mode...
Generated: /Users/daphen/.config/themes/generated/fzf/dark.theme
[0;32m[SUCCESS][0m Generated fzf theme: /Users/daphen/.config/themes/generated/fzf/dark.theme
[0;34m[INFO][0m Generating ghostty theme for dark mode...
Generated: /Users/daphen/.config/themes/generated/ghostty/dark.theme
[0;32m[SUCCESS][0m Generated ghostty theme: /Users/daphen/.config/themes/generated/ghostty/dark.theme
[0;34m[INFO][0m Generating nvim theme for dark mode...
Generated: /Users/daphen/.config/themes/generated/nvim/dark.theme
[0;32m[SUCCESS][0m Generated nvim theme: /Users/daphen/.config/themes/generated/nvim/dark.theme
[0;32m[SUCCESS][0m All themes generated for dark mode
[0;34m[INFO][0m Applying all themes for dark mode...
[0;32m[SUCCESS][0m Fish theme generated (will be applied by Fish shells)
[0;32m[SUCCESS][0m FZF theme generated (will be applied by Fish shells)
[0;32m[SUCCESS][0m Applied Ghostty theme
[0;32m[SUCCESS][0m Applied Neovim theme
[0;32m[SUCCESS][0m All themes applied for dark mode
[0;32m[SUCCESS][0m Theme switched to dark mode
[2025-07-11 19:17:15] SUCCESS: Theme switched to dark
[2025-07-11 19:17:15] SUCCESS: Theme switched to dark
[2025-07-11 19:18:56] INFO: System appearance changed from dark to light
[2025-07-11 19:18:56] INFO: System appearance changed from dark to light
[2025-07-11 19:18:56] INFO: Applying light theme...
[2025-07-11 19:18:56] INFO: Applying light theme...
[0;34m[INFO][0m Switching to light theme...
[0;34m[INFO][0m Generating all themes for light mode...
[0;34m[INFO][0m Generating fish theme for light mode...
Generated: /Users/daphen/.config/themes/generated/fish/light.theme
[0;32m[SUCCESS][0m Generated fish theme: /Users/daphen/.config/themes/generated/fish/light.theme
[0;34m[INFO][0m Generating fzf theme for light mode...
Generated: /Users/daphen/.config/themes/generated/fzf/light.theme
[0;32m[SUCCESS][0m Generated fzf theme: /Users/daphen/.config/themes/generated/fzf/light.theme
[0;34m[INFO][0m Generating ghostty theme for light mode...
Generated: /Users/daphen/.config/themes/generated/ghostty/light.theme
[0;32m[SUCCESS][0m Generated ghostty theme: /Users/daphen/.config/themes/generated/ghostty/light.theme
[0;34m[INFO][0m Generating nvim theme for light mode...
Generated: /Users/daphen/.config/themes/generated/nvim/light.theme
[0;32m[SUCCESS][0m Generated nvim theme: /Users/daphen/.config/themes/generated/nvim/light.theme
[0;32m[SUCCESS][0m All themes generated for light mode
[0;34m[INFO][0m Applying all themes for light mode...
[0;32m[SUCCESS][0m Fish theme generated (will be applied by Fish shells)
[0;32m[SUCCESS][0m FZF theme generated (will be applied by Fish shells)
[0;32m[SUCCESS][0m Applied Ghostty theme
[0;32m[SUCCESS][0m Applied Neovim theme
[0;32m[SUCCESS][0m All themes applied for light mode
[0;32m[SUCCESS][0m Theme switched to light mode
[2025-07-11 19:18:57] SUCCESS: Theme switched to light
[2025-07-11 19:18:57] SUCCESS: Theme switched to light
[2025-07-11 19:19:19] INFO: Stopped theme watcher (PID: 63257)
[2025-07-11 19:19:19] INFO: Theme watcher stopped
[2025-07-11 19:19:19] INFO: Theme watcher stopped
[2025-07-11 19:19:19] INFO: Starting theme monitoring - initial theme: light
[2025-07-11 19:19:19] INFO: Starting theme monitoring - initial theme: light
[2025-07-11 19:19:19] INFO: Applying light theme...
[2025-07-11 19:19:19] INFO: Applying light theme...
[0;34m[INFO][0m Switching to light theme...
[0;34m[INFO][0m Generating all themes for light mode...
[0;34m[INFO][0m Generating fish theme for light mode...
Generated: /Users/daphen/.config/themes/generated/fish/light.theme
[0;32m[SUCCESS][0m Generated fish theme: /Users/daphen/.config/themes/generated/fish/light.theme
[0;34m[INFO][0m Generating fzf theme for light mode...
Generated: /Users/daphen/.config/themes/generated/fzf/light.theme
[0;32m[SUCCESS][0m Generated fzf theme: /Users/daphen/.config/themes/generated/fzf/light.theme
[0;34m[INFO][0m Generating ghostty theme for light mode...
Generated: /Users/daphen/.config/themes/generated/ghostty/light.theme
[0;32m[SUCCESS][0m Generated ghostty theme: /Users/daphen/.config/themes/generated/ghostty/light.theme
[0;34m[INFO][0m Generating nvim theme for light mode...
Generated: /Users/daphen/.config/themes/generated/nvim/light.theme
[0;32m[SUCCESS][0m Generated nvim theme: /Users/daphen/.config/themes/generated/nvim/light.theme
[0;32m[SUCCESS][0m All themes generated for light mode
[0;34m[INFO][0m Applying all themes for light mode...
[0;32m[SUCCESS][0m Fish theme generated (will be applied by Fish shells)
[0;32m[SUCCESS][0m FZF theme generated (will be applied by Fish shells)
[0;32m[SUCCESS][0m Applied Ghostty theme
[0;32m[SUCCESS][0m Applied Neovim theme
[0;32m[SUCCESS][0m All themes applied for light mode
[0;32m[SUCCESS][0m Theme switched to light mode
[2025-07-11 19:19:20] SUCCESS: Theme switched to light
[2025-07-11 19:19:20] SUCCESS: Theme switched to light
[2025-07-11 19:19:20] INFO: fswatch not available, using periodic checking (install with: brew install fswatch)
[2025-07-11 19:19:20] INFO: fswatch not available, using periodic checking (install with: brew install fswatch)
[2025-07-11 19:19:34] INFO: Theme watcher stopped
[2025-07-11 19:19:34] INFO: Theme watcher stopped
[2025-07-11 19:19:34] INFO: Starting theme monitoring - initial theme: light
[2025-07-11 19:19:34] INFO: Starting theme monitoring - initial theme: light
[2025-07-11 19:19:34] INFO: Applying light theme...
[2025-07-11 19:19:34] INFO: Applying light theme...
[0;34m[INFO][0m Switching to light theme...
[0;34m[INFO][0m Generating all themes for light mode...
[0;34m[INFO][0m Generating fish theme for light mode...
Generated: /Users/daphen/.config/themes/generated/fish/light.theme
[0;32m[SUCCESS][0m Generated fish theme: /Users/daphen/.config/themes/generated/fish/light.theme
[0;34m[INFO][0m Generating fzf theme for light mode...
Generated: /Users/daphen/.config/themes/generated/fzf/light.theme
[0;32m[SUCCESS][0m Generated fzf theme: /Users/daphen/.config/themes/generated/fzf/light.theme
[0;34m[INFO][0m Generating ghostty theme for light mode...
Generated: /Users/daphen/.config/themes/generated/ghostty/light.theme
[0;32m[SUCCESS][0m Generated ghostty theme: /Users/daphen/.config/themes/generated/ghostty/light.theme
[0;34m[INFO][0m Generating nvim theme for light mode...
Generated: /Users/daphen/.config/themes/generated/nvim/light.theme
[0;32m[SUCCESS][0m Generated nvim theme: /Users/daphen/.config/themes/generated/nvim/light.theme
[0;32m[SUCCESS][0m All themes generated for light mode
[0;34m[INFO][0m Applying all themes for light mode...
[0;32m[SUCCESS][0m Fish theme generated (will be applied by Fish shells)
[0;32m[SUCCESS][0m FZF theme generated (will be applied by Fish shells)
[0;32m[SUCCESS][0m Applied Ghostty theme
[0;32m[SUCCESS][0m Applied Neovim theme
[0;32m[SUCCESS][0m All themes applied for light mode
[0;32m[SUCCESS][0m Theme switched to light mode
[2025-07-11 19:19:35] SUCCESS: Theme switched to light
[2025-07-11 19:19:35] SUCCESS: Theme switched to light
[2025-07-11 19:19:35] INFO: fswatch not available, using periodic checking (install with: brew install fswatch)
[2025-07-11 19:19:35] INFO: fswatch not available, using periodic checking (install with: brew install fswatch)
[2025-07-11 19:19:44] INFO: Theme watcher stopped
[2025-07-11 19:19:44] INFO: Theme watcher stopped
[2025-07-11 19:22:08] INFO: Starting theme monitoring - initial theme: dark
[2025-07-11 19:22:08] INFO: Applying dark theme...
[0;34m[INFO][0m Switching to dark theme...
[0;34m[INFO][0m Generating all themes for dark mode...
[0;34m[INFO][0m Generating fish theme for dark mode...
Generated: /Users/daphen/.config/themes/generated/fish/dark.theme
[0;32m[SUCCESS][0m Generated fish theme: /Users/daphen/.config/themes/generated/fish/dark.theme
[0;34m[INFO][0m Generating fzf theme for dark mode...
Generated: /Users/daphen/.config/themes/generated/fzf/dark.theme
[0;32m[SUCCESS][0m Generated fzf theme: /Users/daphen/.config/themes/generated/fzf/dark.theme
[0;34m[INFO][0m Generating ghostty theme for dark mode...
Generated: /Users/daphen/.config/themes/generated/ghostty/dark.theme
[0;32m[SUCCESS][0m Generated ghostty theme: /Users/daphen/.config/themes/generated/ghostty/dark.theme
[0;34m[INFO][0m Generating nvim theme for dark mode...
Generated: /Users/daphen/.config/themes/generated/nvim/dark.theme
[0;32m[SUCCESS][0m Generated nvim theme: /Users/daphen/.config/themes/generated/nvim/dark.theme
[0;32m[SUCCESS][0m All themes generated for dark mode
[0;34m[INFO][0m Applying all themes for dark mode...
[0;32m[SUCCESS][0m Fish theme generated (will be applied by Fish shells)
[0;32m[SUCCESS][0m FZF theme generated (will be applied by Fish shells)
[0;32m[SUCCESS][0m Applied Ghostty theme
[0;32m[SUCCESS][0m Applied Neovim theme
[0;32m[SUCCESS][0m All themes applied for dark mode
[0;32m[SUCCESS][0m Theme switched to dark mode
[2025-07-11 19:22:08] SUCCESS: Theme switched to dark
[2025-07-11 19:22:08] INFO: fswatch not available, using periodic checking (install with: brew install fswatch)
[2025-07-11 19:22:47] INFO: Theme watcher stopped
[2025-07-12 20:28:14] INFO: Starting theme monitoring - initial theme: dark
[2025-07-12 20:28:14] INFO: Starting theme monitoring - initial theme: dark
[2025-07-12 20:28:22] INFO: Applying dark theme...
[2025-07-12 20:28:22] INFO: Applying dark theme...
[0;34m[INFO][0m Switching to dark theme...
[0;34m[INFO][0m Generating all themes for dark mode...
[0;34m[INFO][0m Generating fish theme for dark mode...
Generated: /Users/daphen/.config/themes/generated/fish/dark.theme
[0;32m[SUCCESS][0m Generated fish theme: /Users/daphen/.config/themes/generated/fish/dark.theme
[0;34m[INFO][0m Generating fzf theme for dark mode...
Generated: /Users/daphen/.config/themes/generated/fzf/dark.theme
[0;32m[SUCCESS][0m Generated fzf theme: /Users/daphen/.config/themes/generated/fzf/dark.theme
[0;34m[INFO][0m Generating ghostty theme for dark mode...
Generated: /Users/daphen/.config/themes/generated/ghostty/dark.theme
[0;32m[SUCCESS][0m Generated ghostty theme: /Users/daphen/.config/themes/generated/ghostty/dark.theme
[0;34m[INFO][0m Generating nvim theme for dark mode...
Generated: /Users/daphen/.config/themes/generated/nvim/dark.theme
[0;32m[SUCCESS][0m Generated nvim theme: /Users/daphen/.config/themes/generated/nvim/dark.theme
[0;32m[SUCCESS][0m All themes generated for dark mode
[0;34m[INFO][0m Applying all themes for dark mode...
[0;32m[SUCCESS][0m Fish theme generated (will be applied by Fish shells)
[0;32m[SUCCESS][0m FZF theme generated (will be applied by Fish shells)
[0;32m[SUCCESS][0m Applied Ghostty theme
[0;32m[SUCCESS][0m Applied Neovim theme
[0;32m[SUCCESS][0m All themes applied for dark mode
[0;32m[SUCCESS][0m Theme switched to dark mode
[2025-07-12 20:29:03] SUCCESS: Theme switched to dark
[2025-07-12 20:29:03] SUCCESS: Theme switched to dark
[2025-07-12 20:29:06] INFO: fswatch not available, using periodic checking (install with: brew install fswatch)
[2025-07-12 20:29:06] INFO: fswatch not available, using periodic checking (install with: brew install fswatch)
[2025-07-16 13:31:22] INFO: System appearance changed from dark to light
[2025-07-16 13:31:22] INFO: System appearance changed from dark to light
[2025-07-16 13:31:22] INFO: Applying light theme...
[2025-07-16 13:31:22] INFO: Applying light theme...
[0;34m[INFO][0m Switching to light theme...
[0;34m[INFO][0m Generating all themes for light mode...
[0;34m[INFO][0m Generating fish theme for light mode...
Generated: /Users/daphen/.config/themes/generated/fish/light.theme
[0;32m[SUCCESS][0m Generated fish theme: /Users/daphen/.config/themes/generated/fish/light.theme
[0;34m[INFO][0m Generating fzf theme for light mode...
Generated: /Users/daphen/.config/themes/generated/fzf/light.theme
[0;32m[SUCCESS][0m Generated fzf theme: /Users/daphen/.config/themes/generated/fzf/light.theme
[0;34m[INFO][0m Generating ghostty theme for light mode...
Generated: /Users/daphen/.config/themes/generated/ghostty/light.theme
[0;32m[SUCCESS][0m Generated ghostty theme: /Users/daphen/.config/themes/generated/ghostty/light.theme
[0;34m[INFO][0m Generating nvim theme for light mode...
Generated: /Users/daphen/.config/themes/generated/nvim/light.theme
[0;32m[SUCCESS][0m Generated nvim theme: /Users/daphen/.config/themes/generated/nvim/light.theme
[0;32m[SUCCESS][0m All themes generated for light mode
[0;34m[INFO][0m Applying all themes for light mode...
[0;32m[SUCCESS][0m Fish theme generated (will be applied by Fish shells)
[0;32m[SUCCESS][0m FZF theme generated (will be applied by Fish shells)
[0;32m[SUCCESS][0m Applied Ghostty theme
[0;32m[SUCCESS][0m Applied Neovim theme
[0;32m[SUCCESS][0m All themes applied for light mode
[0;32m[SUCCESS][0m Theme switched to light mode
[2025-07-16 13:31:24] SUCCESS: Theme switched to light
[2025-07-16 13:31:24] SUCCESS: Theme switched to light
[2025-07-16 19:17:52] INFO: System appearance changed from light to dark
[2025-07-16 19:17:52] INFO: System appearance changed from light to dark
[2025-07-16 19:17:52] INFO: Applying dark theme...
[2025-07-16 19:17:52] INFO: Applying dark theme...
[0;34m[INFO][0m Switching to dark theme...
[0;34m[INFO][0m Generating all themes for dark mode...
[0;34m[INFO][0m Generating fish theme for dark mode...
Generated: /Users/daphen/.config/themes/generated/fish/dark.theme
[0;32m[SUCCESS][0m Generated fish theme: /Users/daphen/.config/themes/generated/fish/dark.theme
[0;34m[INFO][0m Generating fzf theme for dark mode...
Generated: /Users/daphen/.config/themes/generated/fzf/dark.theme
[0;32m[SUCCESS][0m Generated fzf theme: /Users/daphen/.config/themes/generated/fzf/dark.theme
[0;34m[INFO][0m Generating ghostty theme for dark mode...
Generated: /Users/daphen/.config/themes/generated/ghostty/dark.theme
[0;32m[SUCCESS][0m Generated ghostty theme: /Users/daphen/.config/themes/generated/ghostty/dark.theme
[0;34m[INFO][0m Generating nvim theme for dark mode...
Generated: /Users/daphen/.config/themes/generated/nvim/dark.theme
[0;32m[SUCCESS][0m Generated nvim theme: /Users/daphen/.config/themes/generated/nvim/dark.theme
[0;32m[SUCCESS][0m All themes generated for dark mode
[0;34m[INFO][0m Applying all themes for dark mode...
[0;32m[SUCCESS][0m Fish theme generated (will be applied by Fish shells)
[0;32m[SUCCESS][0m FZF theme generated (will be applied by Fish shells)
[0;32m[SUCCESS][0m Applied Ghostty theme
[0;32m[SUCCESS][0m Applied Neovim theme
[0;32m[SUCCESS][0m All themes applied for dark mode
[0;32m[SUCCESS][0m Theme switched to dark mode
[2025-07-16 19:17:53] SUCCESS: Theme switched to dark
[2025-07-16 19:17:53] SUCCESS: Theme switched to dark
[2025-07-16 19:30:26] INFO: System appearance changed from dark to light
[2025-07-16 19:30:26] INFO: System appearance changed from dark to light
[2025-07-16 19:30:26] INFO: Applying light theme...
[2025-07-16 19:30:26] INFO: Applying light theme...
[0;34m[INFO][0m Switching to light theme...
[0;34m[INFO][0m Generating all themes for light mode...
[0;34m[INFO][0m Generating fish theme for light mode...
Generated: /Users/daphen/.config/themes/generated/fish/light.theme
[0;32m[SUCCESS][0m Generated fish theme: /Users/daphen/.config/themes/generated/fish/light.theme
[0;34m[INFO][0m Generating fzf theme for light mode...
Generated: /Users/daphen/.config/themes/generated/fzf/light.theme
[0;32m[SUCCESS][0m Generated fzf theme: /Users/daphen/.config/themes/generated/fzf/light.theme
[0;34m[INFO][0m Generating ghostty theme for light mode...
Generated: /Users/daphen/.config/themes/generated/ghostty/light.theme
[0;32m[SUCCESS][0m Generated ghostty theme: /Users/daphen/.config/themes/generated/ghostty/light.theme
[0;34m[INFO][0m Generating nvim theme for light mode...
Generated: /Users/daphen/.config/themes/generated/nvim/light.theme
[0;32m[SUCCESS][0m Generated nvim theme: /Users/daphen/.config/themes/generated/nvim/light.theme
[0;32m[SUCCESS][0m All themes generated for light mode
[0;34m[INFO][0m Applying all themes for light mode...
[0;32m[SUCCESS][0m Fish theme generated (will be applied by Fish shells)
[0;32m[SUCCESS][0m FZF theme generated (will be applied by Fish shells)
[0;32m[SUCCESS][0m Generated and copied Ghostty theme
[0;32m[SUCCESS][0m Applied Neovim theme
[0;32m[SUCCESS][0m All themes applied for light mode
[0;32m[SUCCESS][0m Theme switched to light mode
[2025-07-16 19:30:27] SUCCESS: Theme switched to light
[2025-07-16 19:30:27] SUCCESS: Theme switched to light
[2025-07-16 19:30:54] INFO: System appearance changed from light to dark
[2025-07-16 19:30:54] INFO: System appearance changed from light to dark
[2025-07-16 19:30:54] INFO: Applying dark theme...
[2025-07-16 19:30:54] INFO: Applying dark theme...
[0;34m[INFO][0m Switching to dark theme...
[0;34m[INFO][0m Generating all themes for dark mode...
[0;34m[INFO][0m Generating fish theme for dark mode...
Generated: /Users/daphen/.config/themes/generated/fish/dark.theme
[0;32m[SUCCESS][0m Generated fish theme: /Users/daphen/.config/themes/generated/fish/dark.theme
[0;34m[INFO][0m Generating fzf theme for dark mode...
Generated: /Users/daphen/.config/themes/generated/fzf/dark.theme
[0;32m[SUCCESS][0m Generated fzf theme: /Users/daphen/.config/themes/generated/fzf/dark.theme
[0;34m[INFO][0m Generating ghostty theme for dark mode...
Generated: /Users/daphen/.config/themes/generated/ghostty/dark.theme
[0;32m[SUCCESS][0m Generated ghostty theme: /Users/daphen/.config/themes/generated/ghostty/dark.theme
[0;34m[INFO][0m Generating nvim theme for dark mode...
Generated: /Users/daphen/.config/themes/generated/nvim/dark.theme
[0;32m[SUCCESS][0m Generated nvim theme: /Users/daphen/.config/themes/generated/nvim/dark.theme
[0;32m[SUCCESS][0m All themes generated for dark mode
[0;34m[INFO][0m Applying all themes for dark mode...
[0;32m[SUCCESS][0m Fish theme generated (will be applied by Fish shells)
[0;32m[SUCCESS][0m FZF theme generated (will be applied by Fish shells)
[0;32m[SUCCESS][0m Generated and copied Ghostty theme
[0;32m[SUCCESS][0m Applied Neovim theme
[0;32m[SUCCESS][0m All themes applied for dark mode
[0;32m[SUCCESS][0m Theme switched to dark mode
[2025-07-16 19:30:55] SUCCESS: Theme switched to dark
[2025-07-16 19:30:55] SUCCESS: Theme switched to dark
[2025-07-16 19:31:00] INFO: System appearance changed from dark to light
[2025-07-16 19:31:00] INFO: System appearance changed from dark to light
[2025-07-16 19:31:00] INFO: Applying light theme...
[2025-07-16 19:31:00] INFO: Applying light theme...
[0;34m[INFO][0m Switching to light theme...
[0;34m[INFO][0m Generating all themes for light mode...
[0;34m[INFO][0m Generating fish theme for light mode...
Generated: /Users/daphen/.config/themes/generated/fish/light.theme
[0;32m[SUCCESS][0m Generated fish theme: /Users/daphen/.config/themes/generated/fish/light.theme
[0;34m[INFO][0m Generating fzf theme for light mode...
Generated: /Users/daphen/.config/themes/generated/fzf/light.theme
[0;32m[SUCCESS][0m Generated fzf theme: /Users/daphen/.config/themes/generated/fzf/light.theme
[0;34m[INFO][0m Generating ghostty theme for light mode...
Generated: /Users/daphen/.config/themes/generated/ghostty/light.theme
[0;32m[SUCCESS][0m Generated ghostty theme: /Users/daphen/.config/themes/generated/ghostty/light.theme
[0;34m[INFO][0m Generating nvim theme for light mode...
Generated: /Users/daphen/.config/themes/generated/nvim/light.theme
[0;32m[SUCCESS][0m Generated nvim theme: /Users/daphen/.config/themes/generated/nvim/light.theme
[0;32m[SUCCESS][0m All themes generated for light mode
[0;34m[INFO][0m Applying all themes for light mode...
[0;32m[SUCCESS][0m Fish theme generated (will be applied by Fish shells)
[0;32m[SUCCESS][0m FZF theme generated (will be applied by Fish shells)
[0;32m[SUCCESS][0m Generated and copied Ghostty theme
[0;32m[SUCCESS][0m Applied Neovim theme
[0;32m[SUCCESS][0m All themes applied for light mode
[0;32m[SUCCESS][0m Theme switched to light mode
[2025-07-16 19:31:01] SUCCESS: Theme switched to light
[2025-07-16 19:31:01] SUCCESS: Theme switched to light
[2025-07-16 19:31:07] INFO: System appearance changed from light to dark
[2025-07-16 19:31:07] INFO: System appearance changed from light to dark
[2025-07-16 19:31:07] INFO: Applying dark theme...
[2025-07-16 19:31:07] INFO: Applying dark theme...
[0;34m[INFO][0m Switching to dark theme...
[0;34m[INFO][0m Generating all themes for dark mode...
[0;34m[INFO][0m Generating fish theme for dark mode...
Generated: /Users/daphen/.config/themes/generated/fish/dark.theme
[0;32m[SUCCESS][0m Generated fish theme: /Users/daphen/.config/themes/generated/fish/dark.theme
[0;34m[INFO][0m Generating fzf theme for dark mode...
Generated: /Users/daphen/.config/themes/generated/fzf/dark.theme
[0;32m[SUCCESS][0m Generated fzf theme: /Users/daphen/.config/themes/generated/fzf/dark.theme
[0;34m[INFO][0m Generating ghostty theme for dark mode...
Generated: /Users/daphen/.config/themes/generated/ghostty/dark.theme
[0;32m[SUCCESS][0m Generated ghostty theme: /Users/daphen/.config/themes/generated/ghostty/dark.theme
[0;34m[INFO][0m Generating nvim theme for dark mode...
Generated: /Users/daphen/.config/themes/generated/nvim/dark.theme
[0;32m[SUCCESS][0m Generated nvim theme: /Users/daphen/.config/themes/generated/nvim/dark.theme
[0;32m[SUCCESS][0m All themes generated for dark mode
[0;34m[INFO][0m Applying all themes for dark mode...
[0;32m[SUCCESS][0m Fish theme generated (will be applied by Fish shells)
[0;32m[SUCCESS][0m FZF theme generated (will be applied by Fish shells)
[0;32m[SUCCESS][0m Generated and copied Ghostty theme
[0;32m[SUCCESS][0m Applied Neovim theme
[0;32m[SUCCESS][0m All themes applied for dark mode
[0;32m[SUCCESS][0m Theme switched to dark mode
[2025-07-16 19:31:09] SUCCESS: Theme switched to dark
[2025-07-16 19:31:09] SUCCESS: Theme switched to dark
[2025-07-18 15:33:13] INFO: System appearance changed from dark to light
[2025-07-18 15:33:13] INFO: System appearance changed from dark to light
[2025-07-18 15:33:13] INFO: Applying light theme...
[2025-07-18 15:33:13] INFO: Applying light theme...
[0;34m[INFO][0m Switching to light theme...
[0;34m[INFO][0m Generating all themes for light mode...
[0;34m[INFO][0m Generating fish theme for light mode...
Generated: /Users/daphen/.config/themes/generated/fish/light.theme
[0;32m[SUCCESS][0m Generated fish theme: /Users/daphen/.config/themes/generated/fish/light.theme
[0;34m[INFO][0m Generating fzf theme for light mode...
Generated: /Users/daphen/.config/themes/generated/fzf/light.theme
[0;32m[SUCCESS][0m Generated fzf theme: /Users/daphen/.config/themes/generated/fzf/light.theme
[0;34m[INFO][0m Generating ghostty theme for light mode...
Generated: /Users/daphen/.config/themes/generated/ghostty/light.theme
[0;32m[SUCCESS][0m Generated ghostty theme: /Users/daphen/.config/themes/generated/ghostty/light.theme
[0;34m[INFO][0m Generating nvim theme for light mode...
Generated: /Users/daphen/.config/themes/generated/nvim/light.theme
[0;32m[SUCCESS][0m Generated nvim theme: /Users/daphen/.config/themes/generated/nvim/light.theme
[0;32m[SUCCESS][0m All themes generated for light mode
[0;34m[INFO][0m Applying all themes for light mode...
[0;32m[SUCCESS][0m Fish theme generated (will be applied by Fish shells)
[0;32m[SUCCESS][0m FZF theme generated (will be applied by Fish shells)
[0;32m[SUCCESS][0m Generated and copied Ghostty theme
[0;32m[SUCCESS][0m Applied Neovim theme
[0;32m[SUCCESS][0m All themes applied for light mode
[0;32m[SUCCESS][0m Theme switched to light mode
[2025-07-18 15:33:14] SUCCESS: Theme switched to light
[2025-07-18 15:33:14] SUCCESS: Theme switched to light
[2025-07-18 17:34:08] INFO: System appearance changed from light to dark
[2025-07-18 17:34:08] INFO: System appearance changed from light to dark
[2025-07-18 17:34:08] INFO: Applying dark theme...
[2025-07-18 17:34:08] INFO: Applying dark theme...
[0;34m[INFO][0m Switching to dark theme...
[0;34m[INFO][0m Generating all themes for dark mode...
[0;34m[INFO][0m Generating fish theme for dark mode...
Generated: /Users/daphen/.config/themes/generated/fish/dark.theme
[0;32m[SUCCESS][0m Generated fish theme: /Users/daphen/.config/themes/generated/fish/dark.theme
[0;34m[INFO][0m Generating fzf theme for dark mode...
Generated: /Users/daphen/.config/themes/generated/fzf/dark.theme
[0;32m[SUCCESS][0m Generated fzf theme: /Users/daphen/.config/themes/generated/fzf/dark.theme
[0;34m[INFO][0m Generating ghostty theme for dark mode...
Generated: /Users/daphen/.config/themes/generated/ghostty/dark.theme
[0;32m[SUCCESS][0m Generated ghostty theme: /Users/daphen/.config/themes/generated/ghostty/dark.theme
[0;34m[INFO][0m Generating nvim theme for dark mode...
Generated: /Users/daphen/.config/themes/generated/nvim/dark.theme
[0;32m[SUCCESS][0m Generated nvim theme: /Users/daphen/.config/themes/generated/nvim/dark.theme
[0;32m[SUCCESS][0m All themes generated for dark mode
[0;34m[INFO][0m Applying all themes for dark mode...
[0;32m[SUCCESS][0m Fish theme generated (will be applied by Fish shells)
[0;32m[SUCCESS][0m FZF theme generated (will be applied by Fish shells)
[0;32m[SUCCESS][0m Generated and copied Ghostty theme
[0;32m[SUCCESS][0m Applied Neovim theme
[0;32m[SUCCESS][0m All themes applied for dark mode
[0;32m[SUCCESS][0m Theme switched to dark mode
[2025-07-18 17:34:09] SUCCESS: Theme switched to dark
[2025-07-18 17:34:09] SUCCESS: Theme switched to dark
[2025-07-18 17:34:16] INFO: System appearance changed from dark to light
[2025-07-18 17:34:16] INFO: System appearance changed from dark to light
[2025-07-18 17:34:16] INFO: Applying light theme...
[2025-07-18 17:34:16] INFO: Applying light theme...
[0;34m[INFO][0m Switching to light theme...
[0;34m[INFO][0m Generating all themes for light mode...
[0;34m[INFO][0m Generating fish theme for light mode...
Generated: /Users/daphen/.config/themes/generated/fish/light.theme
[0;32m[SUCCESS][0m Generated fish theme: /Users/daphen/.config/themes/generated/fish/light.theme
[0;34m[INFO][0m Generating fzf theme for light mode...
Generated: /Users/daphen/.config/themes/generated/fzf/light.theme
[0;32m[SUCCESS][0m Generated fzf theme: /Users/daphen/.config/themes/generated/fzf/light.theme
[0;34m[INFO][0m Generating ghostty theme for light mode...
Generated: /Users/daphen/.config/themes/generated/ghostty/light.theme
[0;32m[SUCCESS][0m Generated ghostty theme: /Users/daphen/.config/themes/generated/ghostty/light.theme
[0;34m[INFO][0m Generating nvim theme for light mode...
Generated: /Users/daphen/.config/themes/generated/nvim/light.theme
[0;32m[SUCCESS][0m Generated nvim theme: /Users/daphen/.config/themes/generated/nvim/light.theme
[0;32m[SUCCESS][0m All themes generated for light mode
[0;34m[INFO][0m Applying all themes for light mode...
[0;32m[SUCCESS][0m Fish theme generated (will be applied by Fish shells)
[0;32m[SUCCESS][0m FZF theme generated (will be applied by Fish shells)
[0;32m[SUCCESS][0m Generated and copied Ghostty theme
[0;32m[SUCCESS][0m Applied Neovim theme
[0;32m[SUCCESS][0m All themes applied for light mode
[0;32m[SUCCESS][0m Theme switched to light mode
[2025-07-18 17:34:17] SUCCESS: Theme switched to light
[2025-07-18 17:34:17] SUCCESS: Theme switched to light
[2025-07-18 17:34:20] INFO: System appearance changed from light to dark
[2025-07-18 17:34:20] INFO: System appearance changed from light to dark
[2025-07-18 17:34:20] INFO: Applying dark theme...
[2025-07-18 17:34:20] INFO: Applying dark theme...
[0;34m[INFO][0m Switching to dark theme...
[0;34m[INFO][0m Generating all themes for dark mode...
[0;34m[INFO][0m Generating fish theme for dark mode...
Generated: /Users/daphen/.config/themes/generated/fish/dark.theme
[0;32m[SUCCESS][0m Generated fish theme: /Users/daphen/.config/themes/generated/fish/dark.theme
[0;34m[INFO][0m Generating fzf theme for dark mode...
Generated: /Users/daphen/.config/themes/generated/fzf/dark.theme
[0;32m[SUCCESS][0m Generated fzf theme: /Users/daphen/.config/themes/generated/fzf/dark.theme
[0;34m[INFO][0m Generating ghostty theme for dark mode...
Generated: /Users/daphen/.config/themes/generated/ghostty/dark.theme
[0;32m[SUCCESS][0m Generated ghostty theme: /Users/daphen/.config/themes/generated/ghostty/dark.theme
[0;34m[INFO][0m Generating nvim theme for dark mode...
Generated: /Users/daphen/.config/themes/generated/nvim/dark.theme
[0;32m[SUCCESS][0m Generated nvim theme: /Users/daphen/.config/themes/generated/nvim/dark.theme
[0;32m[SUCCESS][0m All themes generated for dark mode
[0;34m[INFO][0m Applying all themes for dark mode...
[0;32m[SUCCESS][0m Fish theme generated (will be applied by Fish shells)
[0;32m[SUCCESS][0m FZF theme generated (will be applied by Fish shells)
[0;32m[SUCCESS][0m Generated and copied Ghostty theme
[0;32m[SUCCESS][0m Applied Neovim theme
[0;32m[SUCCESS][0m All themes applied for dark mode
[0;32m[SUCCESS][0m Theme switched to dark mode
[2025-07-18 17:34:20] SUCCESS: Theme switched to dark
[2025-07-18 17:34:20] SUCCESS: Theme switched to dark
[2025-07-18 23:16:57] INFO: System appearance changed from dark to light
[2025-07-18 23:16:57] INFO: System appearance changed from dark to light
[2025-07-18 23:16:58] INFO: Applying light theme...
[2025-07-18 23:16:58] INFO: Applying light theme...
[0;34m[INFO][0m Switching to light theme...
[0;34m[INFO][0m Generating all themes for light mode...
[0;34m[INFO][0m Generating fish theme for light mode...
Generated: /Users/daphen/.config/themes/generated/fish/light.theme
[0;32m[SUCCESS][0m Generated fish theme: /Users/daphen/.config/themes/generated/fish/light.theme
[0;34m[INFO][0m Generating fzf theme for light mode...
Generated: /Users/daphen/.config/themes/generated/fzf/light.theme
[0;32m[SUCCESS][0m Generated fzf theme: /Users/daphen/.config/themes/generated/fzf/light.theme
[0;34m[INFO][0m Generating ghostty theme for light mode...
Generated: /Users/daphen/.config/themes/generated/ghostty/light.theme
[0;32m[SUCCESS][0m Generated ghostty theme: /Users/daphen/.config/themes/generated/ghostty/light.theme
[0;34m[INFO][0m Generating nvim theme for light mode...
Generated: /Users/daphen/.config/themes/generated/nvim/light.theme
[0;32m[SUCCESS][0m Generated nvim theme: /Users/daphen/.config/themes/generated/nvim/light.theme
[0;32m[SUCCESS][0m All themes generated for light mode
[0;34m[INFO][0m Applying all themes for light mode...
[0;32m[SUCCESS][0m Fish theme generated (will be applied by Fish shells)
[0;32m[SUCCESS][0m FZF theme generated (will be applied by Fish shells)
[0;32m[SUCCESS][0m Generated and copied Ghostty theme
[0;32m[SUCCESS][0m Applied Neovim theme
[0;32m[SUCCESS][0m All themes applied for light mode
[0;32m[SUCCESS][0m Theme switched to light mode
[2025-07-18 23:16:59] SUCCESS: Theme switched to light
[2025-07-18 23:16:59] SUCCESS: Theme switched to light
[2025-07-18 23:17:08] INFO: System appearance changed from light to dark
[2025-07-18 23:17:08] INFO: System appearance changed from light to dark
[2025-07-18 23:17:08] INFO: Applying dark theme...
[2025-07-18 23:17:08] INFO: Applying dark theme...
[0;34m[INFO][0m Switching to dark theme...
[0;34m[INFO][0m Generating all themes for dark mode...
[0;34m[INFO][0m Generating fish theme for dark mode...
Generated: /Users/daphen/.config/themes/generated/fish/dark.theme
[0;32m[SUCCESS][0m Generated fish theme: /Users/daphen/.config/themes/generated/fish/dark.theme
[0;34m[INFO][0m Generating fzf theme for dark mode...
Generated: /Users/daphen/.config/themes/generated/fzf/dark.theme
[0;32m[SUCCESS][0m Generated fzf theme: /Users/daphen/.config/themes/generated/fzf/dark.theme
[0;34m[INFO][0m Generating ghostty theme for dark mode...
Generated: /Users/daphen/.config/themes/generated/ghostty/dark.theme
[0;32m[SUCCESS][0m Generated ghostty theme: /Users/daphen/.config/themes/generated/ghostty/dark.theme
[0;34m[INFO][0m Generating nvim theme for dark mode...
Generated: /Users/daphen/.config/themes/generated/nvim/dark.theme
[0;32m[SUCCESS][0m Generated nvim theme: /Users/daphen/.config/themes/generated/nvim/dark.theme
[0;32m[SUCCESS][0m All themes generated for dark mode
[0;34m[INFO][0m Applying all themes for dark mode...
[0;32m[SUCCESS][0m Fish theme generated (will be applied by Fish shells)
[0;32m[SUCCESS][0m FZF theme generated (will be applied by Fish shells)
[0;32m[SUCCESS][0m Generated and copied Ghostty theme
[0;32m[SUCCESS][0m Applied Neovim theme
[0;32m[SUCCESS][0m All themes applied for dark mode
[0;32m[SUCCESS][0m Theme switched to dark mode
[2025-07-18 23:17:09] SUCCESS: Theme switched to dark
[2025-07-18 23:17:09] SUCCESS: Theme switched to dark
[2025-07-18 23:32:14] INFO: No lock file found - theme watcher is not running
[2025-07-18 23:32:15] INFO: Starting theme monitoring - initial theme: dark
[2025-07-18 23:32:15] INFO: Applying dark theme...
[0;34m[INFO][0m Switching to dark theme...
[0;34m[INFO][0m Generating all themes for dark mode...
[0;34m[INFO][0m Generating fish theme for dark mode...
Generated: /Users/daphen/.config/themes/generated/fish/dark.theme
[0;32m[SUCCESS][0m Generated fish theme: /Users/daphen/.config/themes/generated/fish/dark.theme
[0;34m[INFO][0m Generating fzf theme for dark mode...
Generated: /Users/daphen/.config/themes/generated/fzf/dark.theme
[0;32m[SUCCESS][0m Generated fzf theme: /Users/daphen/.config/themes/generated/fzf/dark.theme
[0;34m[INFO][0m Generating ghostty theme for dark mode...
Generated: /Users/daphen/.config/themes/generated/ghostty/dark.theme
[0;32m[SUCCESS][0m Generated ghostty theme: /Users/daphen/.config/themes/generated/ghostty/dark.theme
[0;34m[INFO][0m Generating nvim theme for dark mode...
Generated: /Users/daphen/.config/themes/generated/nvim/dark.theme
[0;32m[SUCCESS][0m Generated nvim theme: /Users/daphen/.config/themes/generated/nvim/dark.theme
[0;32m[SUCCESS][0m All themes generated for dark mode
[0;34m[INFO][0m Applying all themes for dark mode...
[0;32m[SUCCESS][0m Fish theme generated (will be applied by Fish shells)
[0;32m[SUCCESS][0m FZF theme generated (will be applied by Fish shells)
[0;32m[SUCCESS][0m Generated and copied Ghostty theme
[0;32m[SUCCESS][0m Applied Neovim theme
[0;32m[SUCCESS][0m All themes applied for dark mode
[0;32m[SUCCESS][0m Theme switched to dark mode
[2025-07-18 23:32:16] SUCCESS: Theme switched to dark
[2025-07-18 23:32:16] INFO: fswatch not available, using periodic checking (install with: brew install fswatch)
[2025-07-18 23:35:13] INFO: Theme watcher stopped
[2025-07-18 23:35:13] INFO: Theme watcher stopped
[2025-07-18 23:35:13] INFO: Theme watcher stopped
[2025-07-18 23:35:13] INFO: Starting theme monitoring - initial theme: dark
[2025-07-18 23:35:13] INFO: Starting theme monitoring - initial theme: dark
[2025-07-18 23:35:13] INFO: Applying dark theme...
[2025-07-18 23:35:13] INFO: Applying dark theme...
[0;34m[INFO][0m Switching to dark theme...
[0;34m[INFO][0m Generating all themes for dark mode...
[0;34m[INFO][0m Generating fish theme for dark mode...
Generated: /Users/daphen/.config/themes/generated/fish/dark.theme
[0;32m[SUCCESS][0m Generated fish theme: /Users/daphen/.config/themes/generated/fish/dark.theme
[0;34m[INFO][0m Generating fzf theme for dark mode...
Generated: /Users/daphen/.config/themes/generated/fzf/dark.theme
[0;32m[SUCCESS][0m Generated fzf theme: /Users/daphen/.config/themes/generated/fzf/dark.theme
[0;34m[INFO][0m Generating ghostty theme for dark mode...
Generated: /Users/daphen/.config/themes/generated/ghostty/dark.theme
[0;32m[SUCCESS][0m Generated ghostty theme: /Users/daphen/.config/themes/generated/ghostty/dark.theme
[0;34m[INFO][0m Generating nvim theme for dark mode...
Generated: /Users/daphen/.config/themes/generated/nvim/dark.theme
[0;32m[SUCCESS][0m Generated nvim theme: /Users/daphen/.config/themes/generated/nvim/dark.theme
[0;32m[SUCCESS][0m All themes generated for dark mode
[0;34m[INFO][0m Applying all themes for dark mode...
[0;32m[SUCCESS][0m Fish theme generated (will be applied by Fish shells)
[0;32m[SUCCESS][0m FZF theme generated (will be applied by Fish shells)
[0;32m[SUCCESS][0m Generated and copied Ghostty theme
[0;32m[SUCCESS][0m Applied Neovim theme
[0;32m[SUCCESS][0m All themes applied for dark mode
[0;32m[SUCCESS][0m Theme switched to dark mode
[2025-07-18 23:35:14] SUCCESS: Theme switched to dark
[2025-07-18 23:35:14] SUCCESS: Theme switched to dark
[2025-07-18 23:35:14] INFO: fswatch not available, using periodic checking (install with: brew install fswatch)
[2025-07-18 23:35:14] INFO: fswatch not available, using periodic checking (install with: brew install fswatch)
[2025-07-18 23:46:38] INFO: System appearance changed from dark to light
[2025-07-18 23:46:38] INFO: System appearance changed from dark to light
[2025-07-18 23:46:38] INFO: Applying light theme...
[2025-07-18 23:46:38] INFO: Applying light theme...
[0;34m[INFO][0m Switching to light theme...
[0;34m[INFO][0m Generating all themes for light mode...
[0;34m[INFO][0m Generating fish theme for light mode...
Generated: /Users/daphen/.config/themes/generated/fish/light.theme
[0;32m[SUCCESS][0m Generated fish theme: /Users/daphen/.config/themes/generated/fish/light.theme
[0;34m[INFO][0m Generating fzf theme for light mode...
Generated: /Users/daphen/.config/themes/generated/fzf/light.theme
[0;32m[SUCCESS][0m Generated fzf theme: /Users/daphen/.config/themes/generated/fzf/light.theme
[0;34m[INFO][0m Generating ghostty theme for light mode...
Generated: /Users/daphen/.config/themes/generated/ghostty/light.theme
[0;32m[SUCCESS][0m Generated ghostty theme: /Users/daphen/.config/themes/generated/ghostty/light.theme
[0;34m[INFO][0m Generating nvim theme for light mode...
Generated: /Users/daphen/.config/themes/generated/nvim/light.theme
[0;32m[SUCCESS][0m Generated nvim theme: /Users/daphen/.config/themes/generated/nvim/light.theme
[0;32m[SUCCESS][0m All themes generated for light mode
[0;34m[INFO][0m Applying all themes for light mode...
[0;32m[SUCCESS][0m Fish theme generated (will be applied by Fish shells)
[0;32m[SUCCESS][0m FZF theme generated (will be applied by Fish shells)
[0;32m[SUCCESS][0m Generated and copied Ghostty theme
[0;32m[SUCCESS][0m Applied Neovim theme
[0;32m[SUCCESS][0m All themes applied for light mode
[0;32m[SUCCESS][0m Theme switched to light mode
[2025-07-18 23:46:40] SUCCESS: Theme switched to light
[2025-07-18 23:46:40] SUCCESS: Theme switched to light
[2025-07-18 23:46:48] INFO: System appearance changed from light to dark
[2025-07-18 23:46:48] INFO: System appearance changed from light to dark
[2025-07-18 23:46:48] INFO: Applying dark theme...
[2025-07-18 23:46:48] INFO: Applying dark theme...
[0;34m[INFO][0m Switching to dark theme...
[0;34m[INFO][0m Generating all themes for dark mode...
[0;34m[INFO][0m Generating fish theme for dark mode...
Generated: /Users/daphen/.config/themes/generated/fish/dark.theme
[0;32m[SUCCESS][0m Generated fish theme: /Users/daphen/.config/themes/generated/fish/dark.theme
[0;34m[INFO][0m Generating fzf theme for dark mode...
Generated: /Users/daphen/.config/themes/generated/fzf/dark.theme
[0;32m[SUCCESS][0m Generated fzf theme: /Users/daphen/.config/themes/generated/fzf/dark.theme
[0;34m[INFO][0m Generating ghostty theme for dark mode...
Generated: /Users/daphen/.config/themes/generated/ghostty/dark.theme
[0;32m[SUCCESS][0m Generated ghostty theme: /Users/daphen/.config/themes/generated/ghostty/dark.theme
[0;34m[INFO][0m Generating nvim theme for dark mode...
Generated: /Users/daphen/.config/themes/generated/nvim/dark.theme
[0;32m[SUCCESS][0m Generated nvim theme: /Users/daphen/.config/themes/generated/nvim/dark.theme
[0;32m[SUCCESS][0m All themes generated for dark mode
[0;34m[INFO][0m Applying all themes for dark mode...
[0;32m[SUCCESS][0m Fish theme generated (will be applied by Fish shells)
[0;32m[SUCCESS][0m FZF theme generated (will be applied by Fish shells)
[0;32m[SUCCESS][0m Generated and copied Ghostty theme
[0;32m[SUCCESS][0m Applied Neovim theme
[0;32m[SUCCESS][0m All themes applied for dark mode
[0;32m[SUCCESS][0m Theme switched to dark mode
[2025-07-18 23:46:49] SUCCESS: Theme switched to dark
[2025-07-18 23:46:49] SUCCESS: Theme switched to dark
[2025-07-18 23:47:20] INFO: System appearance changed from dark to light
[2025-07-18 23:47:20] INFO: System appearance changed from dark to light
[2025-07-18 23:47:20] INFO: Applying light theme...
[2025-07-18 23:47:20] INFO: Applying light theme...
[0;34m[INFO][0m Switching to light theme...
[0;34m[INFO][0m Generating all themes for light mode...
[0;34m[INFO][0m Generating fish theme for light mode...
Generated: /Users/daphen/.config/themes/generated/fish/light.theme
[0;32m[SUCCESS][0m Generated fish theme: /Users/daphen/.config/themes/generated/fish/light.theme
[0;34m[INFO][0m Generating fzf theme for light mode...
Generated: /Users/daphen/.config/themes/generated/fzf/light.theme
[0;32m[SUCCESS][0m Generated fzf theme: /Users/daphen/.config/themes/generated/fzf/light.theme
[0;34m[INFO][0m Generating ghostty theme for light mode...
Generated: /Users/daphen/.config/themes/generated/ghostty/light.theme
[0;32m[SUCCESS][0m Generated ghostty theme: /Users/daphen/.config/themes/generated/ghostty/light.theme
[0;34m[INFO][0m Generating nvim theme for light mode...
Generated: /Users/daphen/.config/themes/generated/nvim/light.theme
[0;32m[SUCCESS][0m Generated nvim theme: /Users/daphen/.config/themes/generated/nvim/light.theme
[0;32m[SUCCESS][0m All themes generated for light mode
[0;34m[INFO][0m Applying all themes for light mode...
[0;32m[SUCCESS][0m Fish theme generated (will be applied by Fish shells)
[0;32m[SUCCESS][0m FZF theme generated (will be applied by Fish shells)
[0;32m[SUCCESS][0m Generated and copied Ghostty theme
[0;32m[SUCCESS][0m Applied Neovim theme
[0;32m[SUCCESS][0m All themes applied for light mode
[0;32m[SUCCESS][0m Theme switched to light mode
[2025-07-18 23:47:22] SUCCESS: Theme switched to light
[2025-07-18 23:47:22] SUCCESS: Theme switched to light
[2025-07-18 23:47:28] INFO: System appearance changed from light to dark
[2025-07-18 23:47:28] INFO: System appearance changed from light to dark
[2025-07-18 23:47:28] INFO: Applying dark theme...
[2025-07-18 23:47:28] INFO: Applying dark theme...
[0;34m[INFO][0m Switching to dark theme...
[0;34m[INFO][0m Generating all themes for dark mode...
[0;34m[INFO][0m Generating fish theme for dark mode...
Generated: /Users/daphen/.config/themes/generated/fish/dark.theme
[0;32m[SUCCESS][0m Generated fish theme: /Users/daphen/.config/themes/generated/fish/dark.theme
[0;34m[INFO][0m Generating fzf theme for dark mode...
Generated: /Users/daphen/.config/themes/generated/fzf/dark.theme
[0;32m[SUCCESS][0m Generated fzf theme: /Users/daphen/.config/themes/generated/fzf/dark.theme
[0;34m[INFO][0m Generating ghostty theme for dark mode...
Generated: /Users/daphen/.config/themes/generated/ghostty/dark.theme
[0;32m[SUCCESS][0m Generated ghostty theme: /Users/daphen/.config/themes/generated/ghostty/dark.theme
[0;34m[INFO][0m Generating nvim theme for dark mode...
Generated: /Users/daphen/.config/themes/generated/nvim/dark.theme
[0;32m[SUCCESS][0m Generated nvim theme: /Users/daphen/.config/themes/generated/nvim/dark.theme
[0;32m[SUCCESS][0m All themes generated for dark mode
[0;34m[INFO][0m Applying all themes for dark mode...
[0;32m[SUCCESS][0m Fish theme generated (will be applied by Fish shells)
[0;32m[SUCCESS][0m FZF theme generated (will be applied by Fish shells)
[0;32m[SUCCESS][0m Generated and copied Ghostty theme
[0;32m[SUCCESS][0m Applied Neovim theme
[0;32m[SUCCESS][0m All themes applied for dark mode
[0;32m[SUCCESS][0m Theme switched to dark mode
[2025-07-18 23:47:29] SUCCESS: Theme switched to dark
[2025-07-18 23:47:29] SUCCESS: Theme switched to dark
[2025-07-18 23:47:36] INFO: System appearance changed from dark to light
[2025-07-18 23:47:36] INFO: System appearance changed from dark to light
[2025-07-18 23:47:36] INFO: Applying light theme...
[2025-07-18 23:47:36] INFO: Applying light theme...
[0;34m[INFO][0m Switching to light theme...
[0;34m[INFO][0m Generating all themes for light mode...
[0;34m[INFO][0m Generating fish theme for light mode...
Generated: /Users/daphen/.config/themes/generated/fish/light.theme
[0;32m[SUCCESS][0m Generated fish theme: /Users/daphen/.config/themes/generated/fish/light.theme
[0;34m[INFO][0m Generating fzf theme for light mode...
Generated: /Users/daphen/.config/themes/generated/fzf/light.theme
[0;32m[SUCCESS][0m Generated fzf theme: /Users/daphen/.config/themes/generated/fzf/light.theme
[0;34m[INFO][0m Generating ghostty theme for light mode...
Generated: /Users/daphen/.config/themes/generated/ghostty/light.theme
[0;32m[SUCCESS][0m Generated ghostty theme: /Users/daphen/.config/themes/generated/ghostty/light.theme
[0;34m[INFO][0m Generating nvim theme for light mode...
Generated: /Users/daphen/.config/themes/generated/nvim/light.theme
[0;32m[SUCCESS][0m Generated nvim theme: /Users/daphen/.config/themes/generated/nvim/light.theme
[0;32m[SUCCESS][0m All themes generated for light mode
[0;34m[INFO][0m Applying all themes for light mode...
[0;32m[SUCCESS][0m Fish theme generated (will be applied by Fish shells)
[0;32m[SUCCESS][0m FZF theme generated (will be applied by Fish shells)
[0;32m[SUCCESS][0m Generated and copied Ghostty theme
[0;32m[SUCCESS][0m Applied Neovim theme
[0;32m[SUCCESS][0m All themes applied for light mode
[0;32m[SUCCESS][0m Theme switched to light mode
[2025-07-18 23:47:37] SUCCESS: Theme switched to light
[2025-07-18 23:47:37] SUCCESS: Theme switched to light
[2025-07-18 23:47:39] INFO: System appearance changed from light to dark
[2025-07-18 23:47:39] INFO: System appearance changed from light to dark
[2025-07-18 23:47:39] INFO: Applying dark theme...
[2025-07-18 23:47:39] INFO: Applying dark theme...
[0;34m[INFO][0m Switching to dark theme...
[0;34m[INFO][0m Generating all themes for dark mode...
[0;34m[INFO][0m Generating fish theme for dark mode...
Generated: /Users/daphen/.config/themes/generated/fish/dark.theme
[0;32m[SUCCESS][0m Generated fish theme: /Users/daphen/.config/themes/generated/fish/dark.theme
[0;34m[INFO][0m Generating fzf theme for dark mode...
Generated: /Users/daphen/.config/themes/generated/fzf/dark.theme
[0;32m[SUCCESS][0m Generated fzf theme: /Users/daphen/.config/themes/generated/fzf/dark.theme
[0;34m[INFO][0m Generating ghostty theme for dark mode...
Generated: /Users/daphen/.config/themes/generated/ghostty/dark.theme
[0;32m[SUCCESS][0m Generated ghostty theme: /Users/daphen/.config/themes/generated/ghostty/dark.theme
[0;34m[INFO][0m Generating nvim theme for dark mode...
Generated: /Users/daphen/.config/themes/generated/nvim/dark.theme
[0;32m[SUCCESS][0m Generated nvim theme: /Users/daphen/.config/themes/generated/nvim/dark.theme
[0;32m[SUCCESS][0m All themes generated for dark mode
[0;34m[INFO][0m Applying all themes for dark mode...
[0;32m[SUCCESS][0m Fish theme generated (will be applied by Fish shells)
[0;32m[SUCCESS][0m FZF theme generated (will be applied by Fish shells)
[0;32m[SUCCESS][0m Generated and copied Ghostty theme
[0;32m[SUCCESS][0m Applied Neovim theme
[0;32m[SUCCESS][0m All themes applied for dark mode
[0;32m[SUCCESS][0m Theme switched to dark mode
[2025-07-18 23:47:40] SUCCESS: Theme switched to dark
[2025-07-18 23:47:40] SUCCESS: Theme switched to dark
[2025-07-19 00:01:58] INFO: System appearance changed from dark to light
[2025-07-19 00:01:58] INFO: System appearance changed from dark to light
[2025-07-19 00:01:58] INFO: Applying light theme...
[2025-07-19 00:01:58] INFO: Applying light theme...
[0;34m[INFO][0m Switching to light theme...
[0;34m[INFO][0m Generating all themes for light mode...
[0;34m[INFO][0m Generating fish theme for light mode...
Generated: /Users/daphen/.config/themes/generated/fish/light.theme
[0;32m[SUCCESS][0m Generated fish theme: /Users/daphen/.config/themes/generated/fish/light.theme
[0;34m[INFO][0m Generating fzf theme for light mode...
Generated: /Users/daphen/.config/themes/generated/fzf/light.theme
[0;32m[SUCCESS][0m Generated fzf theme: /Users/daphen/.config/themes/generated/fzf/light.theme
[0;34m[INFO][0m Generating ghostty theme for light mode...
Generated: /Users/daphen/.config/themes/generated/ghostty/light.theme
[0;32m[SUCCESS][0m Generated ghostty theme: /Users/daphen/.config/themes/generated/ghostty/light.theme
[0;34m[INFO][0m Generating nvim theme for light mode...
Generated: /Users/daphen/.config/themes/generated/nvim/light.theme
[0;32m[SUCCESS][0m Generated nvim theme: /Users/daphen/.config/themes/generated/nvim/light.theme
[0;32m[SUCCESS][0m All themes generated for light mode
[0;34m[INFO][0m Applying all themes for light mode...
[0;32m[SUCCESS][0m Fish theme generated (will be applied by Fish shells)
[0;32m[SUCCESS][0m FZF theme generated (will be applied by Fish shells)
[0;32m[SUCCESS][0m Generated and copied Ghostty theme
[0;32m[SUCCESS][0m Applied Neovim theme
[0;32m[SUCCESS][0m All themes applied for light mode
[0;32m[SUCCESS][0m Theme switched to light mode
[2025-07-19 00:01:59] SUCCESS: Theme switched to light
[2025-07-19 00:01:59] SUCCESS: Theme switched to light
[2025-07-19 00:02:17] INFO: System appearance changed from light to dark
[2025-07-19 00:02:17] INFO: System appearance changed from light to dark
[2025-07-19 00:02:17] INFO: Applying dark theme...
[2025-07-19 00:02:17] INFO: Applying dark theme...
[0;34m[INFO][0m Switching to dark theme...
[0;34m[INFO][0m Generating all themes for dark mode...
[0;34m[INFO][0m Generating fish theme for dark mode...
Generated: /Users/daphen/.config/themes/generated/fish/dark.theme
[0;32m[SUCCESS][0m Generated fish theme: /Users/daphen/.config/themes/generated/fish/dark.theme
[0;34m[INFO][0m Generating fzf theme for dark mode...
Generated: /Users/daphen/.config/themes/generated/fzf/dark.theme
[0;32m[SUCCESS][0m Generated fzf theme: /Users/daphen/.config/themes/generated/fzf/dark.theme
[0;34m[INFO][0m Generating ghostty theme for dark mode...
Generated: /Users/daphen/.config/themes/generated/ghostty/dark.theme
[0;32m[SUCCESS][0m Generated ghostty theme: /Users/daphen/.config/themes/generated/ghostty/dark.theme
[0;34m[INFO][0m Generating nvim theme for dark mode...
Generated: /Users/daphen/.config/themes/generated/nvim/dark.theme
[0;32m[SUCCESS][0m Generated nvim theme: /Users/daphen/.config/themes/generated/nvim/dark.theme
[0;32m[SUCCESS][0m All themes generated for dark mode
[0;34m[INFO][0m Applying all themes for dark mode...
[0;32m[SUCCESS][0m Fish theme generated (will be applied by Fish shells)
[0;32m[SUCCESS][0m FZF theme generated (will be applied by Fish shells)
[0;32m[SUCCESS][0m Generated and copied Ghostty theme
[0;32m[SUCCESS][0m Applied Neovim theme
[0;32m[SUCCESS][0m All themes applied for dark mode
[0;32m[SUCCESS][0m Theme switched to dark mode
[2025-07-19 00:02:18] SUCCESS: Theme switched to dark
[2025-07-19 00:02:18] SUCCESS: Theme switched to dark
[2025-07-19 00:19:53] INFO: System appearance changed from dark to light
[2025-07-19 00:19:53] INFO: System appearance changed from dark to light
[2025-07-19 00:19:53] INFO: Applying light theme...
[2025-07-19 00:19:53] INFO: Applying light theme...
[0;34m[INFO][0m Switching to light theme...
[0;34m[INFO][0m Generating all themes for light mode...
[0;34m[INFO][0m Generating fish theme for light mode...
Generated: /Users/daphen/.config/themes/generated/fish/light.theme
[0;32m[SUCCESS][0m Generated fish theme: /Users/daphen/.config/themes/generated/fish/light.theme
[0;34m[INFO][0m Generating fzf theme for light mode...
Generated: /Users/daphen/.config/themes/generated/fzf/light.theme
[0;32m[SUCCESS][0m Generated fzf theme: /Users/daphen/.config/themes/generated/fzf/light.theme
[0;34m[INFO][0m Generating ghostty theme for light mode...
Generated: /Users/daphen/.config/themes/generated/ghostty/light.theme
[0;32m[SUCCESS][0m Generated ghostty theme: /Users/daphen/.config/themes/generated/ghostty/light.theme
[0;34m[INFO][0m Generating nvim theme for light mode...
Generated: /Users/daphen/.config/themes/generated/nvim/light.theme
[0;32m[SUCCESS][0m Generated nvim theme: /Users/daphen/.config/themes/generated/nvim/light.theme
[0;32m[SUCCESS][0m All themes generated for light mode
[0;34m[INFO][0m Applying all themes for light mode...
[0;32m[SUCCESS][0m Fish theme generated (will be applied by Fish shells)
[0;32m[SUCCESS][0m FZF theme generated (will be applied by Fish shells)
[0;32m[SUCCESS][0m Generated and copied Ghostty theme
[0;32m[SUCCESS][0m Applied Neovim theme
[0;32m[SUCCESS][0m All themes applied for light mode
[0;32m[SUCCESS][0m Theme switched to light mode
[2025-07-19 00:19:54] SUCCESS: Theme switched to light
[2025-07-19 00:19:54] SUCCESS: Theme switched to light
[2025-07-19 00:20:05] INFO: System appearance changed from light to dark
[2025-07-19 00:20:05] INFO: System appearance changed from light to dark
[2025-07-19 00:20:05] INFO: Applying dark theme...
[2025-07-19 00:20:05] INFO: Applying dark theme...
[0;34m[INFO][0m Switching to dark theme...
[0;34m[INFO][0m Generating all themes for dark mode...
[0;34m[INFO][0m Generating fish theme for dark mode...
Generated: /Users/daphen/.config/themes/generated/fish/dark.theme
[0;32m[SUCCESS][0m Generated fish theme: /Users/daphen/.config/themes/generated/fish/dark.theme
[0;34m[INFO][0m Generating fzf theme for dark mode...
Generated: /Users/daphen/.config/themes/generated/fzf/dark.theme
[0;32m[SUCCESS][0m Generated fzf theme: /Users/daphen/.config/themes/generated/fzf/dark.theme
[0;34m[INFO][0m Generating ghostty theme for dark mode...
Generated: /Users/daphen/.config/themes/generated/ghostty/dark.theme
[0;32m[SUCCESS][0m Generated ghostty theme: /Users/daphen/.config/themes/generated/ghostty/dark.theme
[0;34m[INFO][0m Generating nvim theme for dark mode...
Generated: /Users/daphen/.config/themes/generated/nvim/dark.theme
[0;32m[SUCCESS][0m Generated nvim theme: /Users/daphen/.config/themes/generated/nvim/dark.theme
[0;32m[SUCCESS][0m All themes generated for dark mode
[0;34m[INFO][0m Applying all themes for dark mode...
[0;32m[SUCCESS][0m Fish theme generated (will be applied by Fish shells)
[0;32m[SUCCESS][0m FZF theme generated (will be applied by Fish shells)
[0;32m[SUCCESS][0m Generated and copied Ghostty theme
[0;32m[SUCCESS][0m Applied Neovim theme
[0;32m[SUCCESS][0m All themes applied for dark mode
[0;32m[SUCCESS][0m Theme switched to dark mode
[2025-07-19 00:20:07] SUCCESS: Theme switched to dark
[2025-07-19 00:20:07] SUCCESS: Theme switched to dark
[2025-07-19 00:20:11] INFO: System appearance changed from dark to light
[2025-07-19 00:20:11] INFO: System appearance changed from dark to light
[2025-07-19 00:20:11] INFO: Applying light theme...
[2025-07-19 00:20:11] INFO: Applying light theme...
[0;34m[INFO][0m Switching to light theme...
[0;34m[INFO][0m Generating all themes for light mode...
[0;34m[INFO][0m Generating fish theme for light mode...
Generated: /Users/daphen/.config/themes/generated/fish/light.theme
[0;32m[SUCCESS][0m Generated fish theme: /Users/daphen/.config/themes/generated/fish/light.theme
[0;34m[INFO][0m Generating fzf theme for light mode...
Generated: /Users/daphen/.config/themes/generated/fzf/light.theme
[0;32m[SUCCESS][0m Generated fzf theme: /Users/daphen/.config/themes/generated/fzf/light.theme
[0;34m[INFO][0m Generating ghostty theme for light mode...
Generated: /Users/daphen/.config/themes/generated/ghostty/light.theme
[0;32m[SUCCESS][0m Generated ghostty theme: /Users/daphen/.config/themes/generated/ghostty/light.theme
[0;34m[INFO][0m Generating nvim theme for light mode...
Generated: /Users/daphen/.config/themes/generated/nvim/light.theme
[0;32m[SUCCESS][0m Generated nvim theme: /Users/daphen/.config/themes/generated/nvim/light.theme
[0;32m[SUCCESS][0m All themes generated for light mode
[0;34m[INFO][0m Applying all themes for light mode...
[0;32m[SUCCESS][0m Fish theme generated (will be applied by Fish shells)
[0;32m[SUCCESS][0m FZF theme generated (will be applied by Fish shells)
[0;32m[SUCCESS][0m Generated and copied Ghostty theme
[0;32m[SUCCESS][0m Applied Neovim theme
[0;32m[SUCCESS][0m All themes applied for light mode
[0;32m[SUCCESS][0m Theme switched to light mode
[2025-07-19 00:20:12] SUCCESS: Theme switched to light
[2025-07-19 00:20:12] SUCCESS: Theme switched to light
[2025-07-19 00:20:23] INFO: System appearance changed from light to dark
[2025-07-19 00:20:23] INFO: System appearance changed from light to dark
[2025-07-19 00:20:23] INFO: Applying dark theme...
[2025-07-19 00:20:23] INFO: Applying dark theme...
[0;34m[INFO][0m Switching to dark theme...
[0;34m[INFO][0m Generating all themes for dark mode...
[0;34m[INFO][0m Generating fish theme for dark mode...
Generated: /Users/daphen/.config/themes/generated/fish/dark.theme
[0;32m[SUCCESS][0m Generated fish theme: /Users/daphen/.config/themes/generated/fish/dark.theme
[0;34m[INFO][0m Generating fzf theme for dark mode...
Generated: /Users/daphen/.config/themes/generated/fzf/dark.theme
[0;32m[SUCCESS][0m Generated fzf theme: /Users/daphen/.config/themes/generated/fzf/dark.theme
[0;34m[INFO][0m Generating ghostty theme for dark mode...
Generated: /Users/daphen/.config/themes/generated/ghostty/dark.theme
[0;32m[SUCCESS][0m Generated ghostty theme: /Users/daphen/.config/themes/generated/ghostty/dark.theme
[0;34m[INFO][0m Generating nvim theme for dark mode...
Generated: /Users/daphen/.config/themes/generated/nvim/dark.theme
[0;32m[SUCCESS][0m Generated nvim theme: /Users/daphen/.config/themes/generated/nvim/dark.theme
[0;32m[SUCCESS][0m All themes generated for dark mode
[0;34m[INFO][0m Applying all themes for dark mode...
[0;32m[SUCCESS][0m Fish theme generated (will be applied by Fish shells)
[0;32m[SUCCESS][0m FZF theme generated (will be applied by Fish shells)
[0;32m[SUCCESS][0m Generated and copied Ghostty theme
[0;32m[SUCCESS][0m Applied Neovim theme
[0;32m[SUCCESS][0m All themes applied for dark mode
[0;32m[SUCCESS][0m Theme switched to dark mode
[2025-07-19 00:20:24] SUCCESS: Theme switched to dark
[2025-07-19 00:20:24] SUCCESS: Theme switched to dark
[2025-07-19 00:23:09] INFO: System appearance changed from dark to light
[2025-07-19 00:23:09] INFO: System appearance changed from dark to light
[2025-07-19 00:23:09] INFO: Applying light theme...
[2025-07-19 00:23:09] INFO: Applying light theme...
[0;34m[INFO][0m Switching to light theme...
[0;34m[INFO][0m Generating all themes for light mode...
[0;34m[INFO][0m Generating fish theme for light mode...
Generated: /Users/daphen/.config/themes/generated/fish/light.theme
[0;32m[SUCCESS][0m Generated fish theme: /Users/daphen/.config/themes/generated/fish/light.theme
[0;34m[INFO][0m Generating fzf theme for light mode...
Generated: /Users/daphen/.config/themes/generated/fzf/light.theme
[0;32m[SUCCESS][0m Generated fzf theme: /Users/daphen/.config/themes/generated/fzf/light.theme
[0;34m[INFO][0m Generating ghostty theme for light mode...
Generated: /Users/daphen/.config/themes/generated/ghostty/light.theme
[0;32m[SUCCESS][0m Generated ghostty theme: /Users/daphen/.config/themes/generated/ghostty/light.theme
[0;34m[INFO][0m Generating nvim theme for light mode...
Generated: /Users/daphen/.config/themes/generated/nvim/light.theme
[0;32m[SUCCESS][0m Generated nvim theme: /Users/daphen/.config/themes/generated/nvim/light.theme
[0;32m[SUCCESS][0m All themes generated for light mode
[0;34m[INFO][0m Applying all themes for light mode...
[0;32m[SUCCESS][0m Fish theme generated (will be applied by Fish shells)
[0;32m[SUCCESS][0m FZF theme generated (will be applied by Fish shells)
[0;32m[SUCCESS][0m Generated and copied Ghostty theme
[0;32m[SUCCESS][0m Applied Neovim theme
[0;32m[SUCCESS][0m All themes applied for light mode
[0;32m[SUCCESS][0m Theme switched to light mode
[2025-07-19 00:23:10] SUCCESS: Theme switched to light
[2025-07-19 00:23:10] SUCCESS: Theme switched to light
[2025-07-19 00:23:25] INFO: System appearance changed from light to dark
[2025-07-19 00:23:25] INFO: System appearance changed from light to dark
[2025-07-19 00:23:25] INFO: Applying dark theme...
[2025-07-19 00:23:25] INFO: Applying dark theme...
[0;34m[INFO][0m Switching to dark theme...
[0;34m[INFO][0m Generating all themes for dark mode...
[0;34m[INFO][0m Generating fish theme for dark mode...
Generated: /Users/daphen/.config/themes/generated/fish/dark.theme
[0;32m[SUCCESS][0m Generated fish theme: /Users/daphen/.config/themes/generated/fish/dark.theme
[0;34m[INFO][0m Generating fzf theme for dark mode...
Generated: /Users/daphen/.config/themes/generated/fzf/dark.theme
[0;32m[SUCCESS][0m Generated fzf theme: /Users/daphen/.config/themes/generated/fzf/dark.theme
[0;34m[INFO][0m Generating ghostty theme for dark mode...
Generated: /Users/daphen/.config/themes/generated/ghostty/dark.theme
[0;32m[SUCCESS][0m Generated ghostty theme: /Users/daphen/.config/themes/generated/ghostty/dark.theme
[0;34m[INFO][0m Generating nvim theme for dark mode...
Generated: /Users/daphen/.config/themes/generated/nvim/dark.theme
[0;32m[SUCCESS][0m Generated nvim theme: /Users/daphen/.config/themes/generated/nvim/dark.theme
[0;32m[SUCCESS][0m All themes generated for dark mode
[0;34m[INFO][0m Applying all themes for dark mode...
[0;32m[SUCCESS][0m Fish theme generated (will be applied by Fish shells)
[0;32m[SUCCESS][0m FZF theme generated (will be applied by Fish shells)
[0;32m[SUCCESS][0m Generated and copied Ghostty theme
[0;32m[SUCCESS][0m Applied Neovim theme
[0;32m[SUCCESS][0m All themes applied for dark mode
[0;32m[SUCCESS][0m Theme switched to dark mode
[2025-07-19 00:23:26] SUCCESS: Theme switched to dark
[2025-07-19 00:23:26] SUCCESS: Theme switched to dark
[2025-07-19 17:01:54] INFO: System appearance changed from dark to light
[2025-07-19 17:01:54] INFO: System appearance changed from dark to light
[2025-07-19 17:01:54] INFO: Applying light theme...
[2025-07-19 17:01:54] INFO: Applying light theme...
[0;34m[INFO][0m Switching to light theme...
[0;34m[INFO][0m Generating all themes for light mode...
[0;34m[INFO][0m Generating fish theme for light mode...
Generated: /Users/daphen/.config/themes/generated/fish/light.theme
[0;32m[SUCCESS][0m Generated fish theme: /Users/daphen/.config/themes/generated/fish/light.theme
[0;34m[INFO][0m Generating fzf theme for light mode...
Generated: /Users/daphen/.config/themes/generated/fzf/light.theme
[0;32m[SUCCESS][0m Generated fzf theme: /Users/daphen/.config/themes/generated/fzf/light.theme
[0;34m[INFO][0m Generating ghostty theme for light mode...
Generated: /Users/daphen/.config/themes/generated/ghostty/light.theme
[0;32m[SUCCESS][0m Generated ghostty theme: /Users/daphen/.config/themes/generated/ghostty/light.theme
[0;34m[INFO][0m Generating nvim theme for light mode...
Generated: /Users/daphen/.config/themes/generated/nvim/light.theme
[0;32m[SUCCESS][0m Generated nvim theme: /Users/daphen/.config/themes/generated/nvim/light.theme
[0;32m[SUCCESS][0m All themes generated for light mode
[0;34m[INFO][0m Applying all themes for light mode...
[0;32m[SUCCESS][0m Fish theme generated (will be applied by Fish shells)
[0;32m[SUCCESS][0m FZF theme generated (will be applied by Fish shells)
[0;32m[SUCCESS][0m Generated and copied Ghostty theme
[0;32m[SUCCESS][0m Applied Neovim theme
[0;32m[SUCCESS][0m All themes applied for light mode
[0;32m[SUCCESS][0m Theme switched to light mode
[2025-07-19 17:01:55] SUCCESS: Theme switched to light
[2025-07-19 17:01:55] SUCCESS: Theme switched to light
[2025-07-19 23:39:47] INFO: System appearance changed from light to dark
[2025-07-19 23:39:47] INFO: System appearance changed from light to dark
[2025-07-19 23:39:47] INFO: Applying dark theme...
[2025-07-19 23:39:47] INFO: Applying dark theme...
[0;34m[INFO][0m Switching to dark theme...
[0;34m[INFO][0m Generating all themes for dark mode...
[0;34m[INFO][0m Generating fish theme for dark mode...
Generated: /Users/daphen/.config/themes/generated/fish/dark.theme
[0;32m[SUCCESS][0m Generated fish theme: /Users/daphen/.config/themes/generated/fish/dark.theme
[0;34m[INFO][0m Generating fzf theme for dark mode...
Generated: /Users/daphen/.config/themes/generated/fzf/dark.theme
[0;32m[SUCCESS][0m Generated fzf theme: /Users/daphen/.config/themes/generated/fzf/dark.theme
[0;34m[INFO][0m Generating ghostty theme for dark mode...
Generated: /Users/daphen/.config/themes/generated/ghostty/dark.theme
[0;32m[SUCCESS][0m Generated ghostty theme: /Users/daphen/.config/themes/generated/ghostty/dark.theme
[0;34m[INFO][0m Generating nvim theme for dark mode...
Generated: /Users/daphen/.config/themes/generated/nvim/dark.theme
[0;32m[SUCCESS][0m Generated nvim theme: /Users/daphen/.config/themes/generated/nvim/dark.theme
[0;32m[SUCCESS][0m All themes generated for dark mode
[0;34m[INFO][0m Applying all themes for dark mode...
[0;32m[SUCCESS][0m Fish theme generated (will be applied by Fish shells)
[0;32m[SUCCESS][0m FZF theme generated (will be applied by Fish shells)
[0;32m[SUCCESS][0m Generated and copied Ghostty theme
[0;32m[SUCCESS][0m Applied Neovim theme
[0;32m[SUCCESS][0m All themes applied for dark mode
[0;32m[SUCCESS][0m Theme switched to dark mode
[2025-07-19 23:39:48] SUCCESS: Theme switched to dark
[2025-07-19 23:39:48] SUCCESS: Theme switched to dark
[2025-07-25 15:41:26] INFO: System appearance changed from dark to light
[2025-07-25 15:41:26] INFO: System appearance changed from dark to light
[2025-07-25 15:41:26] INFO: Applying light theme...
[2025-07-25 15:41:26] INFO: Applying light theme...
[0;34m[INFO][0m Switching to light theme...
[0;34m[INFO][0m Generating all themes for light mode...
[0;34m[INFO][0m Generating fish theme for light mode...
Generated: /Users/daphen/.config/themes/generated/fish/light.theme
[0;32m[SUCCESS][0m Generated fish theme: /Users/daphen/.config/themes/generated/fish/light.theme
[0;34m[INFO][0m Generating fzf theme for light mode...
Generated: /Users/daphen/.config/themes/generated/fzf/light.theme
[0;32m[SUCCESS][0m Generated fzf theme: /Users/daphen/.config/themes/generated/fzf/light.theme
[0;34m[INFO][0m Generating ghostty theme for light mode...
Generated: /Users/daphen/.config/themes/generated/ghostty/light.theme
[0;32m[SUCCESS][0m Generated ghostty theme: /Users/daphen/.config/themes/generated/ghostty/light.theme
[0;34m[INFO][0m Generating nvim-custom theme for light mode...
Generated: /Users/daphen/.config/themes/generated/nvim-custom/light.theme
[0;32m[SUCCESS][0m Generated nvim-custom theme: /Users/daphen/.config/themes/generated/nvim-custom/light.theme
[0;34m[INFO][0m Generating nvim theme for light mode...
Generated: /Users/daphen/.config/themes/generated/nvim/light.theme
[0;32m[SUCCESS][0m Generated nvim theme: /Users/daphen/.config/themes/generated/nvim/light.theme
[0;32m[SUCCESS][0m All themes generated for light mode
[0;34m[INFO][0m Applying all themes for light mode...
[0;32m[SUCCESS][0m Fish theme generated (will be applied by Fish shells)
[0;32m[SUCCESS][0m FZF theme generated (will be applied by Fish shells)
[0;32m[SUCCESS][0m Generated and copied Ghostty theme
[0;32m[SUCCESS][0m Applied Neovim theme
[0;32m[SUCCESS][0m Applied custom Neovim theme
[0;32m[SUCCESS][0m All themes applied for light mode
[0;32m[SUCCESS][0m Theme switched to light mode
[2025-07-25 15:41:31] SUCCESS: Theme switched to light
[2025-07-25 15:41:31] SUCCESS: Theme switched to light
[2025-07-25 15:41:36] INFO: System appearance changed from light to dark
[2025-07-25 15:41:36] INFO: System appearance changed from light to dark
[2025-07-25 15:41:36] INFO: Applying dark theme...
[2025-07-25 15:41:36] INFO: Applying dark theme...
[0;34m[INFO][0m Switching to dark theme...
[0;34m[INFO][0m Generating all themes for dark mode...
[0;34m[INFO][0m Generating fish theme for dark mode...
Generated: /Users/daphen/.config/themes/generated/fish/dark.theme
[0;32m[SUCCESS][0m Generated fish theme: /Users/daphen/.config/themes/generated/fish/dark.theme
[0;34m[INFO][0m Generating fzf theme for dark mode...
Generated: /Users/daphen/.config/themes/generated/fzf/dark.theme
[0;32m[SUCCESS][0m Generated fzf theme: /Users/daphen/.config/themes/generated/fzf/dark.theme
[0;34m[INFO][0m Generating ghostty theme for dark mode...
Generated: /Users/daphen/.config/themes/generated/ghostty/dark.theme
[0;32m[SUCCESS][0m Generated ghostty theme: /Users/daphen/.config/themes/generated/ghostty/dark.theme
[0;34m[INFO][0m Generating nvim-custom theme for dark mode...
Generated: /Users/daphen/.config/themes/generated/nvim-custom/dark.theme
[0;32m[SUCCESS][0m Generated nvim-custom theme: /Users/daphen/.config/themes/generated/nvim-custom/dark.theme
[0;34m[INFO][0m Generating nvim theme for dark mode...
Generated: /Users/daphen/.config/themes/generated/nvim/dark.theme
[0;32m[SUCCESS][0m Generated nvim theme: /Users/daphen/.config/themes/generated/nvim/dark.theme
[0;32m[SUCCESS][0m All themes generated for dark mode
[0;34m[INFO][0m Applying all themes for dark mode...
[0;32m[SUCCESS][0m Fish theme generated (will be applied by Fish shells)
[0;32m[SUCCESS][0m FZF theme generated (will be applied by Fish shells)
[0;32m[SUCCESS][0m Generated and copied Ghostty theme
[0;32m[SUCCESS][0m Applied Neovim theme
[0;32m[SUCCESS][0m Applied custom Neovim theme
[0;32m[SUCCESS][0m All themes applied for dark mode
[0;32m[SUCCESS][0m Theme switched to dark mode
[2025-07-25 15:41:38] SUCCESS: Theme switched to dark
[2025-07-25 15:41:38] SUCCESS: Theme switched to dark
[2025-07-25 15:49:20] INFO: System appearance changed from dark to light
[2025-07-25 15:49:20] INFO: System appearance changed from dark to light
[2025-07-25 15:49:22] INFO: Applying light theme...
[2025-07-25 15:49:22] INFO: Applying light theme...
[0;34m[INFO][0m Switching to light theme...
[0;34m[INFO][0m Generating all themes for light mode...
[0;34m[INFO][0m Generating fish theme for light mode...
Generated: /Users/daphen/.config/themes/generated/fish/light.theme
[0;32m[SUCCESS][0m Generated fish theme: /Users/daphen/.config/themes/generated/fish/light.theme
[0;34m[INFO][0m Generating fzf theme for light mode...
Generated: /Users/daphen/.config/themes/generated/fzf/light.theme
[0;32m[SUCCESS][0m Generated fzf theme: /Users/daphen/.config/themes/generated/fzf/light.theme
[0;34m[INFO][0m Generating ghostty theme for light mode...
Generated: /Users/daphen/.config/themes/generated/ghostty/light.theme
[0;32m[SUCCESS][0m Generated ghostty theme: /Users/daphen/.config/themes/generated/ghostty/light.theme
[0;34m[INFO][0m Generating nvim-custom theme for light mode...
Generated: /Users/daphen/.config/themes/generated/nvim-custom/light.theme
[0;32m[SUCCESS][0m Generated nvim-custom theme: /Users/daphen/.config/themes/generated/nvim-custom/light.theme
[0;34m[INFO][0m Generating nvim theme for light mode...
Generated: /Users/daphen/.config/themes/generated/nvim/light.theme
[0;32m[SUCCESS][0m Generated nvim theme: /Users/daphen/.config/themes/generated/nvim/light.theme
[0;32m[SUCCESS][0m All themes generated for light mode
[0;34m[INFO][0m Applying all themes for light mode...
[0;32m[SUCCESS][0m Fish theme generated (will be applied by Fish shells)
[0;32m[SUCCESS][0m FZF theme generated (will be applied by Fish shells)
[0;32m[SUCCESS][0m Generated and copied Ghostty theme
[0;32m[SUCCESS][0m Applied Neovim theme
[0;32m[SUCCESS][0m Applied custom Neovim theme
[0;32m[SUCCESS][0m All themes applied for light mode
[0;32m[SUCCESS][0m Theme switched to light mode
[2025-07-25 15:49:39] SUCCESS: Theme switched to light
[2025-07-25 15:49:39] SUCCESS: Theme switched to light
[2025-07-25 15:50:48] INFO: System appearance changed from light to dark
[2025-07-25 15:50:48] INFO: System appearance changed from light to dark
[2025-07-25 15:50:48] INFO: Applying dark theme...
[2025-07-25 15:50:48] INFO: Applying dark theme...
[0;34m[INFO][0m Switching to dark theme...
[0;34m[INFO][0m Generating all themes for dark mode...
[0;34m[INFO][0m Generating fish theme for dark mode...
Generated: /Users/daphen/.config/themes/generated/fish/dark.theme
[0;32m[SUCCESS][0m Generated fish theme: /Users/daphen/.config/themes/generated/fish/dark.theme
[0;34m[INFO][0m Generating fzf theme for dark mode...
Generated: /Users/daphen/.config/themes/generated/fzf/dark.theme
[0;32m[SUCCESS][0m Generated fzf theme: /Users/daphen/.config/themes/generated/fzf/dark.theme
[0;34m[INFO][0m Generating ghostty theme for dark mode...
Generated: /Users/daphen/.config/themes/generated/ghostty/dark.theme
[0;32m[SUCCESS][0m Generated ghostty theme: /Users/daphen/.config/themes/generated/ghostty/dark.theme
[0;34m[INFO][0m Generating nvim-custom theme for dark mode...
Generated: /Users/daphen/.config/themes/generated/nvim-custom/dark.theme
[0;32m[SUCCESS][0m Generated nvim-custom theme: /Users/daphen/.config/themes/generated/nvim-custom/dark.theme
[0;34m[INFO][0m Generating nvim theme for dark mode...
Generated: /Users/daphen/.config/themes/generated/nvim/dark.theme
[0;32m[SUCCESS][0m Generated nvim theme: /Users/daphen/.config/themes/generated/nvim/dark.theme
[0;32m[SUCCESS][0m All themes generated for dark mode
[0;34m[INFO][0m Applying all themes for dark mode...
[0;32m[SUCCESS][0m Fish theme generated (will be applied by Fish shells)
[0;32m[SUCCESS][0m FZF theme generated (will be applied by Fish shells)
[0;32m[SUCCESS][0m Generated and copied Ghostty theme
[0;32m[SUCCESS][0m Applied Neovim theme
[0;32m[SUCCESS][0m Applied custom Neovim theme
[0;32m[SUCCESS][0m All themes applied for dark mode
[0;32m[SUCCESS][0m Theme switched to dark mode
[2025-07-25 15:50:50] SUCCESS: Theme switched to dark
[2025-07-25 15:50:50] SUCCESS: Theme switched to dark
[2025-07-25 15:51:20] INFO: System appearance changed from dark to light
[2025-07-25 15:51:20] INFO: System appearance changed from dark to light
[2025-07-25 15:51:20] INFO: Applying light theme...
[2025-07-25 15:51:20] INFO: Applying light theme...
[0;34m[INFO][0m Switching to light theme...
[0;34m[INFO][0m Generating all themes for light mode...
[0;34m[INFO][0m Generating fish theme for light mode...
Generated: /Users/daphen/.config/themes/generated/fish/light.theme
[0;32m[SUCCESS][0m Generated fish theme: /Users/daphen/.config/themes/generated/fish/light.theme
[0;34m[INFO][0m Generating fzf theme for light mode...
Generated: /Users/daphen/.config/themes/generated/fzf/light.theme
[0;32m[SUCCESS][0m Generated fzf theme: /Users/daphen/.config/themes/generated/fzf/light.theme
[0;34m[INFO][0m Generating ghostty theme for light mode...
Generated: /Users/daphen/.config/themes/generated/ghostty/light.theme
[0;32m[SUCCESS][0m Generated ghostty theme: /Users/daphen/.config/themes/generated/ghostty/light.theme
[0;34m[INFO][0m Generating nvim-custom theme for light mode...
Generated: /Users/daphen/.config/themes/generated/nvim-custom/light.theme
[0;32m[SUCCESS][0m Generated nvim-custom theme: /Users/daphen/.config/themes/generated/nvim-custom/light.theme
[0;34m[INFO][0m Generating nvim theme for light mode...
Generated: /Users/daphen/.config/themes/generated/nvim/light.theme
[0;32m[SUCCESS][0m Generated nvim theme: /Users/daphen/.config/themes/generated/nvim/light.theme
[0;32m[SUCCESS][0m All themes generated for light mode
[0;34m[INFO][0m Applying all themes for light mode...
[0;32m[SUCCESS][0m Fish theme generated (will be applied by Fish shells)
[0;32m[SUCCESS][0m FZF theme generated (will be applied by Fish shells)
[0;32m[SUCCESS][0m Generated and copied Ghostty theme
[0;32m[SUCCESS][0m Applied Neovim theme
[0;32m[SUCCESS][0m Applied custom Neovim theme
[0;32m[SUCCESS][0m All themes applied for light mode
[0;32m[SUCCESS][0m Theme switched to light mode
[2025-07-25 15:51:22] SUCCESS: Theme switched to light
[2025-07-25 15:51:22] SUCCESS: Theme switched to light
[2025-07-25 15:53:14] INFO: System appearance changed from light to dark
[2025-07-25 15:53:14] INFO: System appearance changed from light to dark
[2025-07-25 15:53:14] INFO: Applying dark theme...
[2025-07-25 15:53:14] INFO: Applying dark theme...
[0;34m[INFO][0m Switching to dark theme...
[0;34m[INFO][0m Generating all themes for dark mode...
[0;34m[INFO][0m Generating fish theme for dark mode...
Generated: /Users/daphen/.config/themes/generated/fish/dark.theme
[0;32m[SUCCESS][0m Generated fish theme: /Users/daphen/.config/themes/generated/fish/dark.theme
[0;34m[INFO][0m Generating fzf theme for dark mode...
Generated: /Users/daphen/.config/themes/generated/fzf/dark.theme
[0;32m[SUCCESS][0m Generated fzf theme: /Users/daphen/.config/themes/generated/fzf/dark.theme
[0;34m[INFO][0m Generating ghostty theme for dark mode...
Generated: /Users/daphen/.config/themes/generated/ghostty/dark.theme
[0;32m[SUCCESS][0m Generated ghostty theme: /Users/daphen/.config/themes/generated/ghostty/dark.theme
[0;34m[INFO][0m Generating nvim-custom theme for dark mode...
Generated: /Users/daphen/.config/themes/generated/nvim-custom/dark.theme
[0;32m[SUCCESS][0m Generated nvim-custom theme: /Users/daphen/.config/themes/generated/nvim-custom/dark.theme
[0;34m[INFO][0m Generating nvim theme for dark mode...
Generated: /Users/daphen/.config/themes/generated/nvim/dark.theme
[0;32m[SUCCESS][0m Generated nvim theme: /Users/daphen/.config/themes/generated/nvim/dark.theme
[0;32m[SUCCESS][0m All themes generated for dark mode
[0;34m[INFO][0m Applying all themes for dark mode...
[0;32m[SUCCESS][0m Fish theme generated (will be applied by Fish shells)
[0;32m[SUCCESS][0m FZF theme generated (will be applied by Fish shells)
[0;32m[SUCCESS][0m Generated and copied Ghostty theme
[0;32m[SUCCESS][0m Applied Neovim theme
[0;32m[SUCCESS][0m Applied custom Neovim theme
[0;32m[SUCCESS][0m All themes applied for dark mode
[0;32m[SUCCESS][0m Theme switched to dark mode
[2025-07-25 15:53:16] SUCCESS: Theme switched to dark
[2025-07-25 15:53:16] SUCCESS: Theme switched to dark
